Using pre-set license
Built from '2021.3/staging' branch; Version is '2021.3.25f1 (68ef2c4f8861) revision 6876972'; Using compiler version '192829333'; Build Type 'Release'
OS: 'Windows 11  (10.0.22631) 64bit Professional' Language: 'en' Physical Memory: 32509 MB
BatchMode: 1, IsHumanControllingUs: 0, StartBugReporterOnCrash: 0, Is64bit: 1, IsPro: 1

COMMAND LINE ARGUMENTS:
C:\Program Files\Unity\Hub\Editor\2021.3.25f1\Editor\Unity.exe
-adb2
-batchMode
-noUpm
-name
AssetImportWorker13
-projectPath
D:/ProjectGame/ShootingOnline/ShootingOnline
-logFile
Logs/AssetImportWorker13.log
-srvPort
50190
Successfully changed project path to: D:/ProjectGame/ShootingOnline/ShootingOnline
D:/ProjectGame/ShootingOnline/ShootingOnline
[UnityMemory] Configuration Parameters - Can be set up in boot.config
    "memorysetup-bucket-allocator-granularity=16"
    "memorysetup-bucket-allocator-bucket-count=8"
    "memorysetup-bucket-allocator-block-size=33554432"
    "memorysetup-bucket-allocator-block-count=8"
    "memorysetup-main-allocator-block-size=16777216"
    "memorysetup-thread-allocator-block-size=16777216"
    "memorysetup-gfx-main-allocator-block-size=16777216"
    "memorysetup-gfx-thread-allocator-block-size=16777216"
    "memorysetup-cache-allocator-block-size=4194304"
    "memorysetup-typetree-allocator-block-size=2097152"
    "memorysetup-profiler-bucket-allocator-granularity=16"
    "memorysetup-profiler-bucket-allocator-bucket-count=8"
    "memorysetup-profiler-bucket-allocator-block-size=33554432"
    "memorysetup-profiler-bucket-allocator-block-count=8"
    "memorysetup-profiler-allocator-block-size=16777216"
    "memorysetup-profiler-editor-allocator-block-size=1048576"
    "memorysetup-temp-allocator-size-main=16777216"
    "memorysetup-job-temp-allocator-block-size=2097152"
    "memorysetup-job-temp-allocator-block-size-background=1048576"
    "memorysetup-job-temp-allocator-reduction-small-platforms=262144"
    "memorysetup-temp-allocator-size-background-worker=32768"
    "memorysetup-temp-allocator-size-job-worker=262144"
    "memorysetup-temp-allocator-size-preload-manager=33554432"
    "memorysetup-temp-allocator-size-nav-mesh-worker=65536"
    "memorysetup-temp-allocator-size-audio-worker=65536"
    "memorysetup-temp-allocator-size-cloud-worker=32768"
    "memorysetup-temp-allocator-size-gi-baking-worker=262144"
    "memorysetup-temp-allocator-size-gfx=262144"
Player connection [30328] Host "[IP] 192.168.56.1 [Port] 0 [Flags] 2 [Guid] 3719673295 [EditorId] 3719673295 [Version] 1048832 [Id] WindowsEditor(7,NAK) [Debug] 1 [PackageName] WindowsEditor [ProjectName] Editor" joined multi-casting on [225.0.0.222:54997]...

Player connection [30328] Host "[IP] 192.168.56.1 [Port] 0 [Flags] 2 [Guid] 3719673295 [EditorId] 3719673295 [Version] 1048832 [Id] WindowsEditor(7,NAK) [Debug] 1 [PackageName] WindowsEditor [ProjectName] Editor" joined alternative multi-casting on [225.0.0.222:34997]...

Refreshing native plugins compatible for Editor in 99.21 ms, found 2 plugins.
Preloading 0 native plugins for Editor in 0.00 ms.
Initialize engine version: 2021.3.25f1 (68ef2c4f8861)
[Subsystems] Discovering subsystems at path C:/Program Files/Unity/Hub/Editor/2021.3.25f1/Editor/Data/Resources/UnitySubsystems
[Subsystems] Discovering subsystems at path D:/ProjectGame/ShootingOnline/ShootingOnline/Assets
GfxDevice: creating device client; threaded=0; jobified=0
Direct3D:
    Version:  Direct3D 11.0 [level 11.1]
    Renderer: NVIDIA GeForce RTX 3060 (ID=0x2504)
    Vendor:   NVIDIA
    VRAM:     12129 MB
    Driver:   31.0.15.3640
Initialize mono
Mono path[0] = 'C:/Program Files/Unity/Hub/Editor/2021.3.25f1/Editor/Data/Managed'
Mono path[1] = 'C:/Program Files/Unity/Hub/Editor/2021.3.25f1/Editor/Data/MonoBleedingEdge/lib/mono/unityjit-win32'
Mono config path = 'C:/Program Files/Unity/Hub/Editor/2021.3.25f1/Editor/Data/MonoBleedingEdge/etc'
Using monoOptions --debugger-agent=transport=dt_socket,embedding=1,server=y,suspend=n,address=127.0.0.1:56760
Begin MonoManager ReloadAssembly
Registering precompiled unity dll's ...
Register platform support module: C:/Program Files/Unity/Hub/Editor/2021.3.25f1/Editor/Data/PlaybackEngines/AndroidPlayer/UnityEditor.Android.Extensions.dll
Register platform support module: C:/Program Files/Unity/Hub/Editor/2021.3.25f1/Editor/Data/PlaybackEngines/WindowsStandaloneSupport/UnityEditor.WindowsStandalone.Extensions.dll
Registered in 0.004283 seconds.
Native extension for WindowsStandalone target not found
Native extension for Android target not found
Android Extension - Scanning For ADB Devices 189 ms
Refreshing native plugins compatible for Editor in 63.28 ms, found 2 plugins.
Preloading 0 native plugins for Editor in 0.00 ms.
Mono: successfully reloaded assembly
- Completed reload, in  0.789 seconds
Domain Reload Profiling:
	ReloadAssembly (789ms)
		BeginReloadAssembly (98ms)
			ExecutionOrderSort (0ms)
			DisableScriptedObjects (0ms)
			BackupInstance (0ms)
			ReleaseScriptingObjects (0ms)
			CreateAndSetChildDomain (1ms)
		EndReloadAssembly (595ms)
			LoadAssemblies (97ms)
			RebuildTransferFunctionScriptingTraits (0ms)
			SetupTypeCache (110ms)
			ReleaseScriptCaches (0ms)
			RebuildScriptCaches (20ms)
			SetupLoadedEditorAssemblies (423ms)
				LogAssemblyErrors (0ms)
				InitializePlatformSupportModulesInManaged (266ms)
				SetLoadedEditorAssemblies (0ms)
				RefreshPlugins (63ms)
				BeforeProcessingInitializeOnLoad (1ms)
				ProcessInitializeOnLoadAttributes (64ms)
				ProcessInitializeOnLoadMethodAttributes (28ms)
				AfterProcessingInitializeOnLoad (0ms)
				EditorAssembliesLoaded (0ms)
			ExecutionOrderSort2 (0ms)
			AwakeInstancesAfterBackupRestoration (0ms)
Platform modules already initialized, skipping
Registering precompiled user dll's ...
Registered in 0.003737 seconds.
Begin MonoManager ReloadAssembly
Symbol file LoadedFromMemory is not a mono symbol file
Native extension for WindowsStandalone target not found
Native extension for Android target not found
Refreshing native plugins compatible for Editor in 68.68 ms, found 2 plugins.
Preloading 0 native plugins for Editor in 0.00 ms.
Error saving file Library/StateCache/LayerSettings/9e/9ecc5c3c162a7aba29bafa64c8b94b7c.json. Error: System.IO.IOException: Sharing violation on path D:\ProjectGame\ShootingOnline\ShootingOnline\Library\StateCache\LayerSettings\9e\9ecc5c3c162a7aba29bafa64c8b94b7c.json
  at System.IO.FileStream..ctor (System.String path, System.IO.FileMode mode, System.IO.FileAccess access, System.IO.FileShare share, System.Int32 bufferSize, System.Boolean anonymous, System.IO.FileOptions options) [0x0019e] in <a40b0ad4a868437393ad434631fb6ff1>:0 
  at System.IO.FileStream..ctor (System.String path, System.IO.FileMode mode, System.IO.FileAccess access, System.IO.FileShare share, System.Int32 bufferSize, System.IO.FileOptions options) [0x00000] in <a40b0ad4a868437393ad434631fb6ff1>:0 
  at (wrapper remoting-invoke-with-check) System.IO.FileStream..ctor(string,System.IO.FileMode,System.IO.FileAccess,System.IO.FileShare,int,System.IO.FileOptions)
  at System.IO.StreamWriter..ctor (System.String path, System.Boolean append, System.Text.Encoding encoding, System.Int32 bufferSize) [0x00055] in <a40b0ad4a868437393ad434631fb6ff1>:0 
  at System.IO.StreamWriter..ctor (System.String path, System.Boolean append, System.Text.Encoding encoding) [0x00000] in <a40b0ad4a868437393ad434631fb6ff1>:0 
  at (wrapper remoting-invoke-with-check) System.IO.StreamWriter..ctor(string,bool,System.Text.Encoding)
  at System.IO.File.WriteAllText (System.String path, System.String contents, System.Text.Encoding encoding) [0x00034] in <a40b0ad4a868437393ad434631fb6ff1>:0 
  at UnityEditor.StateCache`1[T].SetState (UnityEngine.Hash128 key, T obj) [0x0004b] in <5092d70d16a64dd9a555dd50f38aead0>:0 
UnityEngine.StackTraceUtility:ExtractStackTrace ()
UnityEngine.DebugLogHandler:LogFormat (UnityEngine.LogType,UnityEngine.Object,string,object[])
UnityEngine.Logger:Log (UnityEngine.LogType,object)
UnityEngine.Debug:LogError (object)
UnityEditor.StateCache`1<UnityEditor.Tools/LayerSettings>:SetState (UnityEngine.Hash128,UnityEditor.Tools/LayerSettings)
UnityEditor.Tools:set_lockedLayers (int)
UnityEditor.Tools:OnEnable ()
UnityEngine.ScriptableObject:CreateInstance (System.Type)
UnityEngine.ScriptableObject:CreateInstance<UnityEditor.Tools> ()
UnityEditor.Tools:get_get ()
UnityEditor.Tools:get_visibleLayers ()
UnityEditor.Animations.Rigging.BoneRendererUtils:.cctor () (at Library/PackageCache/com.unity.animation.rigging@1.1.1/Editor/Utils/BoneRendererUtils.cs:121)
System.Runtime.CompilerServices.RuntimeHelpers:RunClassConstructor (System.RuntimeTypeHandle)
UnityEditor.EditorAssemblies:ProcessInitializeOnLoadAttributes (System.Type[])

(Filename: Library/PackageCache/com.unity.animation.rigging@1.1.1/Editor/Utils/BoneRendererUtils.cs Line: 121)

Mono: successfully reloaded assembly
- Completed reload, in  1.041 seconds
Domain Reload Profiling:
	ReloadAssembly (1042ms)
		BeginReloadAssembly (83ms)
			ExecutionOrderSort (0ms)
			DisableScriptedObjects (4ms)
			BackupInstance (0ms)
			ReleaseScriptingObjects (0ms)
			CreateAndSetChildDomain (16ms)
		EndReloadAssembly (889ms)
			LoadAssemblies (78ms)
			RebuildTransferFunctionScriptingTraits (0ms)
			SetupTypeCache (219ms)
			ReleaseScriptCaches (0ms)
			RebuildScriptCaches (64ms)
			SetupLoadedEditorAssemblies (502ms)
				LogAssemblyErrors (0ms)
				InitializePlatformSupportModulesInManaged (15ms)
				SetLoadedEditorAssemblies (0ms)
				RefreshPlugins (69ms)
				BeforeProcessingInitializeOnLoad (82ms)
				ProcessInitializeOnLoadAttributes (225ms)
				ProcessInitializeOnLoadMethodAttributes (105ms)
				AfterProcessingInitializeOnLoad (6ms)
				EditorAssembliesLoaded (0ms)
			ExecutionOrderSort2 (0ms)
			AwakeInstancesAfterBackupRestoration (4ms)
Platform modules already initialized, skipping
========================================================================
Worker process is ready to serve import requests
Launched and connected shader compiler UnityShaderCompiler.exe after 0.03 seconds
Refreshing native plugins compatible for Editor in 1.24 ms, found 2 plugins.
Preloading 0 native plugins for Editor in 0.00 ms.
Unloading 5796 Unused Serialized files (Serialized files now loaded: 0)
Unloading 92 unused Assets / (3.0 MB). Loaded Objects now: 6257.
Memory consumption went from 267.9 MB to 264.9 MB.
Total: 8.829200 ms (FindLiveObjects: 0.771700 ms CreateObjectMapping: 0.238100 ms MarkObjects: 7.211300 ms  DeleteObjects: 0.605800 ms)

AssetImportParameters requested are different than current active one (requested -> active):
  custom:video-decoder-ogg-theora: a1e56fd34408186e4bbccfd4996cb3dc -> 
  custom:container-muxer-webm: aa71ff27fc2769a1b78a27578f13a17b -> 
  custom:container-demuxer-webm: 4f35f7cbe854078d1ac9338744f61a02 -> 
  custom:video-encoder-webm-vp8: eb34c28f22e8b96e1ab97ce403110664 -> 
  custom:video-codec-MediaFoundation-h265: 746d11721c4dcdbdad8f713fa42b33f4 -> 
  custom:audio-encoder-webm-vorbis: bf7c407c2cedff20999df2af8eb42d56 -> 
  custom:framework-win-MediaFoundation: 216162199b28c13a410421893ffa2e32 -> 
  custom:container-demuxer-ogg: 62fdf1f143b41e24485cea50d1cbac27 -> 
  custom:video-decoder-webm-vp8: 9c59270c3fd7afecdb556c50c9e8de78 -> 
  custom:audio-decoder-ogg-vorbis: bf7c407c2cedff20999df2af8eb42d56 -> 
========================================================================
Received Import Request.
  Time since last request: 29972.986851 seconds.
  path: Assets/InventoryAsset/Scenes/ExtraScene/InventoryExtraScene/TileSet/BG/BG.png
  artifactKey: Guid(1ed48cca43b0b6444a5480091720bc83) Importer(815301076,1909f56bfc062723c751e8b465ee728b)
Start importing Assets/InventoryAsset/Scenes/ExtraScene/InventoryExtraScene/TileSet/BG/BG.png using Guid(1ed48cca43b0b6444a5480091720bc83) Importer(815301076,1909f56bfc062723c751e8b465ee728b)  -> (artifact id: '5d79ce920722d3a5f60bd01149d4ebd8') in 0.114783 seconds 
========================================================================
Received Import Request.
  Time since last request: 0.249911 seconds.
  path: Assets/InventoryAsset/Scenes/ExtraScene/InventoryExtraScene/TileSet/Object/Bush (2).png
  artifactKey: Guid(1d843572e5033c64ea2076f539b53571) Importer(815301076,1909f56bfc062723c751e8b465ee728b)
Start importing Assets/InventoryAsset/Scenes/ExtraScene/InventoryExtraScene/TileSet/Object/Bush (2).png using Guid(1d843572e5033c64ea2076f539b53571) Importer(815301076,1909f56bfc062723c751e8b465ee728b)  -> (artifact id: '949b1384e20efdf234329ed49ec48269') in 0.027667 seconds 
========================================================================
Received Import Request.
  Time since last request: 0.000024 seconds.
  path: Assets/InventoryAsset/Scenes/ExtraScene/InventoryExtraScene/TileSet/Object/Bush (4).png
  artifactKey: Guid(09b4b44a11593db4d84b7e9f68d36807) Importer(815301076,1909f56bfc062723c751e8b465ee728b)
Start importing Assets/InventoryAsset/Scenes/ExtraScene/InventoryExtraScene/TileSet/Object/Bush (4).png using Guid(09b4b44a11593db4d84b7e9f68d36807) Importer(815301076,1909f56bfc062723c751e8b465ee728b)  -> (artifact id: '6d2ad63fb4ce5ec92193cf52a0de097c') in 0.018916 seconds 
========================================================================
Received Import Request.
  Time since last request: 2.566903 seconds.
  path: Assets/InventoryAsset/Icons/496_RPG_icons/C_Hat01.png
  artifactKey: Guid(37fdf314331e18e4d88c61d042d029da) Importer(815301076,1909f56bfc062723c751e8b465ee728b)
Start importing Assets/InventoryAsset/Icons/496_RPG_icons/C_Hat01.png using Guid(37fdf314331e18e4d88c61d042d029da) Importer(815301076,1909f56bfc062723c751e8b465ee728b)  -> (artifact id: '5bf729b6dc80637ad00e4572edb12176') in 0.022493 seconds 
========================================================================
Received Import Request.
  Time since last request: 2.353583 seconds.
  path: Assets/InventoryAsset/Scenes/ExtraScene/InventoryExtraScene/Player/PlayerSprites/Dead__000.png
  artifactKey: Guid(8e2eb32ef4c9d754f8dcc005e317c462) Importer(815301076,1909f56bfc062723c751e8b465ee728b)
Start importing Assets/InventoryAsset/Scenes/ExtraScene/InventoryExtraScene/Player/PlayerSprites/Dead__000.png using Guid(8e2eb32ef4c9d754f8dcc005e317c462) Importer(815301076,1909f56bfc062723c751e8b465ee728b)  -> (artifact id: '6f110ef52d139676ce8c49685f42ace6') in 0.058157 seconds 
========================================================================
Received Import Request.
  Time since last request: 0.073491 seconds.
  path: Assets/InventoryAsset/Scenes/ExtraScene/InventoryExtraScene/Player/PlayerSprites/Dead__006.png
  artifactKey: Guid(269099b4a54871144a3a4dc3520f339a) Importer(815301076,1909f56bfc062723c751e8b465ee728b)
Start importing Assets/InventoryAsset/Scenes/ExtraScene/InventoryExtraScene/Player/PlayerSprites/Dead__006.png using Guid(269099b4a54871144a3a4dc3520f339a) Importer(815301076,1909f56bfc062723c751e8b465ee728b)  -> (artifact id: '2825a5da668f62db1f5af2a4cbe227c3') in 0.075418 seconds 
========================================================================
Received Import Request.
  Time since last request: 0.000016 seconds.
  path: Assets/InventoryAsset/Scenes/ExtraScene/InventoryExtraScene/Player/PlayerSprites/Dead__008.png
  artifactKey: Guid(720c3d8ca52f423448619c6b775e6c8d) Importer(815301076,1909f56bfc062723c751e8b465ee728b)
Start importing Assets/InventoryAsset/Scenes/ExtraScene/InventoryExtraScene/Player/PlayerSprites/Dead__008.png using Guid(720c3d8ca52f423448619c6b775e6c8d) Importer(815301076,1909f56bfc062723c751e8b465ee728b)  -> (artifact id: '3d67b0691438bebb3602a7fb3dbfd6a1') in 0.044225 seconds 
========================================================================
Received Import Request.
  Time since last request: 0.247341 seconds.
  path: Assets/InventoryAsset/Icons/496_RPG_icons/E_Gold02.png
  artifactKey: Guid(84480f5710c7d2946a489e4ed11ae4db) Importer(815301076,1909f56bfc062723c751e8b465ee728b)
Start importing Assets/InventoryAsset/Icons/496_RPG_icons/E_Gold02.png using Guid(84480f5710c7d2946a489e4ed11ae4db) Importer(815301076,1909f56bfc062723c751e8b465ee728b)  -> (artifact id: '11c281e4326271a0b0306e8d9dcc99d1') in 0.022909 seconds 
========================================================================
Received Import Request.
  Time since last request: 0.054782 seconds.
  path: Assets/InventoryAsset/Icons/496_RPG_icons/E_Metal08.png
  artifactKey: Guid(56d506b82f2cbee4bbfa735188cf47e5) Importer(815301076,1909f56bfc062723c751e8b465ee728b)
Start importing Assets/InventoryAsset/Icons/496_RPG_icons/E_Metal08.png using Guid(56d506b82f2cbee4bbfa735188cf47e5) Importer(815301076,1909f56bfc062723c751e8b465ee728b)  -> (artifact id: '9e32d2a7a77a37052f9c6810e8ff5d54') in 0.024617 seconds 
========================================================================
Received Import Request.
  Time since last request: 0.000019 seconds.
  path: Assets/InventoryAsset/Icons/496_RPG_icons/E_Wood04.png
  artifactKey: Guid(090201d7c19afe04c9cff46595fd846a) Importer(815301076,1909f56bfc062723c751e8b465ee728b)
Start importing Assets/InventoryAsset/Icons/496_RPG_icons/E_Wood04.png using Guid(090201d7c19afe04c9cff46595fd846a) Importer(815301076,1909f56bfc062723c751e8b465ee728b)  -> (artifact id: 'ec8974f9e99686cce27c114a816e31b5') in 0.028724 seconds 
========================================================================
Received Import Request.
  Time since last request: 0.000019 seconds.
  path: Assets/Free RPG Icons Pack/Icons/Magic Spell/Free RPG Icons Pack_Buff_2.png
  artifactKey: Guid(edb6c6f1eb55f4e43a992713db705866) Importer(815301076,1909f56bfc062723c751e8b465ee728b)
Start importing Assets/Free RPG Icons Pack/Icons/Magic Spell/Free RPG Icons Pack_Buff_2.png using Guid(edb6c6f1eb55f4e43a992713db705866) Importer(815301076,1909f56bfc062723c751e8b465ee728b)  -> (artifact id: 'a3ceb3f90ca186b15df85e050720d031') in 0.040788 seconds 
========================================================================
Received Import Request.
  Time since last request: 0.236579 seconds.
  path: Assets/Free RPG Icons Pack/Icons/Magic Spell/Free RPG Icons Pack_Cold_1.png
  artifactKey: Guid(3fcde16e60de7e7438dadb0909775d6c) Importer(815301076,1909f56bfc062723c751e8b465ee728b)
Start importing Assets/Free RPG Icons Pack/Icons/Magic Spell/Free RPG Icons Pack_Cold_1.png using Guid(3fcde16e60de7e7438dadb0909775d6c) Importer(815301076,1909f56bfc062723c751e8b465ee728b)  -> (artifact id: '7a01761bb75869744c6d54b78e276a82') in 0.033848 seconds 
========================================================================
Received Import Request.
  Time since last request: 0.000017 seconds.
  path: Assets/Free RPG Icons Pack/Icons/Magic Spell/Free RPG Icons Pack_Earth_5.png
  artifactKey: Guid(a1e3951e1a03c124dbd4e9204787278f) Importer(815301076,1909f56bfc062723c751e8b465ee728b)
Start importing Assets/Free RPG Icons Pack/Icons/Magic Spell/Free RPG Icons Pack_Earth_5.png using Guid(a1e3951e1a03c124dbd4e9204787278f) Importer(815301076,1909f56bfc062723c751e8b465ee728b)  -> (artifact id: '66f257c0578cba20523948d35d6d36b0') in 0.037911 seconds 
========================================================================
Received Import Request.
  Time since last request: 0.000023 seconds.
  path: Assets/Free RPG Icons Pack/Icons/Magic Spell/Free RPG Icons Pack_Debuff_4.png
  artifactKey: Guid(e2215a243d5978e4d8b915e107b4979f) Importer(815301076,1909f56bfc062723c751e8b465ee728b)
Start importing Assets/Free RPG Icons Pack/Icons/Magic Spell/Free RPG Icons Pack_Debuff_4.png using Guid(e2215a243d5978e4d8b915e107b4979f) Importer(815301076,1909f56bfc062723c751e8b465ee728b)  -> (artifact id: '04e6b58eac9b1e59a3d2be0ca0cac7b0') in 0.033861 seconds 
========================================================================
Received Import Request.
  Time since last request: 0.000022 seconds.
  path: Assets/Free RPG Icons Pack/Icons/Magic Spell/Free RPG Icons Pack_Cold_3.png
  artifactKey: Guid(f0866bfd46e46824c861c653550058ab) Importer(815301076,1909f56bfc062723c751e8b465ee728b)
Start importing Assets/Free RPG Icons Pack/Icons/Magic Spell/Free RPG Icons Pack_Cold_3.png using Guid(f0866bfd46e46824c861c653550058ab) Importer(815301076,1909f56bfc062723c751e8b465ee728b)  -> (artifact id: '17539520205214472df203db19cbd3bd') in 0.031919 seconds 
========================================================================
Received Import Request.
  Time since last request: 0.000020 seconds.
  path: Assets/Free RPG Icons Pack/Icons/Magic Spell/Free RPG Icons Pack_Earth_3.png
  artifactKey: Guid(4fea7209b87bf684698342b7de78e2d0) Importer(815301076,1909f56bfc062723c751e8b465ee728b)
Start importing Assets/Free RPG Icons Pack/Icons/Magic Spell/Free RPG Icons Pack_Earth_3.png using Guid(4fea7209b87bf684698342b7de78e2d0) Importer(815301076,1909f56bfc062723c751e8b465ee728b)  -> (artifact id: '217ce0ef86447869ffa64ee8ad65a2ee') in 0.031117 seconds 
========================================================================
Received Import Request.
  Time since last request: 0.265723 seconds.
  path: Assets/Free RPG Icons Pack/Icons/Magic Spell/Free RPG Icons Pack_Fire_5.png
  artifactKey: Guid(b12502ba5c973e3488a651f1e7634829) Importer(815301076,1909f56bfc062723c751e8b465ee728b)
Start importing Assets/Free RPG Icons Pack/Icons/Magic Spell/Free RPG Icons Pack_Fire_5.png using Guid(b12502ba5c973e3488a651f1e7634829) Importer(815301076,1909f56bfc062723c751e8b465ee728b)  -> (artifact id: '76f1ea1294feb25e0048c44077b73743') in 0.035941 seconds 
========================================================================
Received Import Request.
  Time since last request: 0.000017 seconds.
  path: Assets/Free RPG Icons Pack/Icons/Magic Spell/Free RPG Icons Pack_Holy_5.png
  artifactKey: Guid(4b6407d5603798c478564165c39eb3de) Importer(815301076,1909f56bfc062723c751e8b465ee728b)
Start importing Assets/Free RPG Icons Pack/Icons/Magic Spell/Free RPG Icons Pack_Holy_5.png using Guid(4b6407d5603798c478564165c39eb3de) Importer(815301076,1909f56bfc062723c751e8b465ee728b)  -> (artifact id: '557e801b84f7e3cea7d59765d90ae274') in 0.029499 seconds 
========================================================================
Received Import Request.
  Time since last request: 0.000023 seconds.
  path: Assets/Free RPG Icons Pack/Icons/Magic Spell/Free RPG Icons Pack_Holy_1.png
  artifactKey: Guid(9113d706c9b00364994c4bc4c779cc90) Importer(815301076,1909f56bfc062723c751e8b465ee728b)
Start importing Assets/Free RPG Icons Pack/Icons/Magic Spell/Free RPG Icons Pack_Holy_1.png using Guid(9113d706c9b00364994c4bc4c779cc90) Importer(815301076,1909f56bfc062723c751e8b465ee728b)  -> (artifact id: '86e7ccbeb4ebab5e231b3487aa57e4d1') in 0.033229 seconds 
========================================================================
Received Import Request.
  Time since last request: 0.010807 seconds.
  path: Assets/Free RPG Icons Pack/Icons/Weapon/Free RPG Icons Pack_Spear_3.png
  artifactKey: Guid(c0fbbc8329e27154a8ab59032e75297b) Importer(815301076,1909f56bfc062723c751e8b465ee728b)
Start importing Assets/Free RPG Icons Pack/Icons/Weapon/Free RPG Icons Pack_Spear_3.png using Guid(c0fbbc8329e27154a8ab59032e75297b) Importer(815301076,1909f56bfc062723c751e8b465ee728b)  -> (artifact id: 'a0e1c223da8d6725699de01b050af120') in 0.025940 seconds 
========================================================================
Received Import Request.
  Time since last request: 0.000029 seconds.
  path: Assets/Free RPG Icons Pack/Icons/Weapon/Free RPG Icons Pack_Sword_2.png
  artifactKey: Guid(f7297527d4fb1e34ca5bd1d2e3cedcd6) Importer(815301076,1909f56bfc062723c751e8b465ee728b)
Start importing Assets/Free RPG Icons Pack/Icons/Weapon/Free RPG Icons Pack_Sword_2.png using Guid(f7297527d4fb1e34ca5bd1d2e3cedcd6) Importer(815301076,1909f56bfc062723c751e8b465ee728b)  -> (artifact id: '4c99d196a1ba9176b1b882aea418f444') in 0.029218 seconds 
========================================================================
Received Import Request.
  Time since last request: 0.191282 seconds.
  path: Assets/Free RPG Icons Pack/Icons/Magic Spell/Free RPG Icons Pack_Water_2.png
  artifactKey: Guid(10dc9c67ffb56dd4f800103585f26888) Importer(815301076,1909f56bfc062723c751e8b465ee728b)
Start importing Assets/Free RPG Icons Pack/Icons/Magic Spell/Free RPG Icons Pack_Water_2.png using Guid(10dc9c67ffb56dd4f800103585f26888) Importer(815301076,1909f56bfc062723c751e8b465ee728b)  -> (artifact id: '872fe44b441378bb8e928915e10e0548') in 0.034557 seconds 
========================================================================
Received Import Request.
  Time since last request: 0.000019 seconds.
  path: Assets/Free RPG Icons Pack/Icons/Magic Spell/Free RPG Icons Pack_Water_4.png
  artifactKey: Guid(e7c66fb6bf0e75f47b713684aafe510a) Importer(815301076,1909f56bfc062723c751e8b465ee728b)
Start importing Assets/Free RPG Icons Pack/Icons/Magic Spell/Free RPG Icons Pack_Water_4.png using Guid(e7c66fb6bf0e75f47b713684aafe510a) Importer(815301076,1909f56bfc062723c751e8b465ee728b)  -> (artifact id: 'fb4c0974b9f7a0e9d71c6ca4464c370d') in 0.033300 seconds 
========================================================================
Received Import Request.
  Time since last request: 0.000035 seconds.
  path: Assets/InventoryAsset/Icons/496_RPG_icons/I_Agate.png
  artifactKey: Guid(9edbe8c1b4be26e45923e01494f3ac5b) Importer(815301076,1909f56bfc062723c751e8b465ee728b)
Start importing Assets/InventoryAsset/Icons/496_RPG_icons/I_Agate.png using Guid(9edbe8c1b4be26e45923e01494f3ac5b) Importer(815301076,1909f56bfc062723c751e8b465ee728b)  -> (artifact id: '4e25b90af4f48a4d8a176b3fc4d9a7c0') in 0.017568 seconds 
========================================================================
Received Import Request.
  Time since last request: 0.000020 seconds.
  path: Assets/InventoryAsset/Icons/496_RPG_icons/I_Antidote.png
  artifactKey: Guid(e7d98220ba056344381bc1a991de38f1) Importer(815301076,1909f56bfc062723c751e8b465ee728b)
Start importing Assets/InventoryAsset/Icons/496_RPG_icons/I_Antidote.png using Guid(e7d98220ba056344381bc1a991de38f1) Importer(815301076,1909f56bfc062723c751e8b465ee728b)  -> (artifact id: '7cf375a64b0af843ff4ecb572db92696') in 0.016965 seconds 
========================================================================
Received Import Request.
  Time since last request: 0.000019 seconds.
  path: Assets/InventoryAsset/Icons/496_RPG_icons/I_Bone.png
  artifactKey: Guid(e1047be4316cc204f83b845761facd26) Importer(815301076,1909f56bfc062723c751e8b465ee728b)
Start importing Assets/InventoryAsset/Icons/496_RPG_icons/I_Bone.png using Guid(e1047be4316cc204f83b845761facd26) Importer(815301076,1909f56bfc062723c751e8b465ee728b)  -> (artifact id: 'ec36e7245353b354f4ccf20206dce410') in 0.016282 seconds 
Editor requested this worker to shutdown with reason: Scaling down because of idle timeout
AssetImportWorker is now disconnected from the server
Process exiting
Exiting without the bug reporter. Application will terminate with return code 0