Using pre-set license
Built from '2021.3/staging' branch; Version is '2021.3.25f1 (68ef2c4f8861) revision 6876972'; Using compiler version '192829333'; Build Type 'Release'
OS: 'Windows 11  (10.0.22631) 64bit Professional' Language: 'en' Physical Memory: 32509 MB
BatchMode: 1, IsHumanControllingUs: 0, StartBugReporterOnCrash: 0, Is64bit: 1, IsPro: 1

COMMAND LINE ARGUMENTS:
C:\Program Files\Unity\Hub\Editor\2021.3.25f1\Editor\Unity.exe
-adb2
-batchMode
-noUpm
-name
AssetImportWorker12
-projectPath
D:/ProjectGame/ShootingOnline/ShootingOnline
-logFile
Logs/AssetImportWorker12.log
-srvPort
50190
Successfully changed project path to: D:/ProjectGame/ShootingOnline/ShootingOnline
D:/ProjectGame/ShootingOnline/ShootingOnline
[UnityMemory] Configuration Parameters - Can be set up in boot.config
    "memorysetup-bucket-allocator-granularity=16"
    "memorysetup-bucket-allocator-bucket-count=8"
    "memorysetup-bucket-allocator-block-size=33554432"
    "memorysetup-bucket-allocator-block-count=8"
    "memorysetup-main-allocator-block-size=16777216"
    "memorysetup-thread-allocator-block-size=16777216"
    "memorysetup-gfx-main-allocator-block-size=16777216"
    "memorysetup-gfx-thread-allocator-block-size=16777216"
    "memorysetup-cache-allocator-block-size=4194304"
    "memorysetup-typetree-allocator-block-size=2097152"
    "memorysetup-profiler-bucket-allocator-granularity=16"
    "memorysetup-profiler-bucket-allocator-bucket-count=8"
    "memorysetup-profiler-bucket-allocator-block-size=33554432"
    "memorysetup-profiler-bucket-allocator-block-count=8"
    "memorysetup-profiler-allocator-block-size=16777216"
    "memorysetup-profiler-editor-allocator-block-size=1048576"
    "memorysetup-temp-allocator-size-main=16777216"
    "memorysetup-job-temp-allocator-block-size=2097152"
    "memorysetup-job-temp-allocator-block-size-background=1048576"
    "memorysetup-job-temp-allocator-reduction-small-platforms=262144"
    "memorysetup-temp-allocator-size-background-worker=32768"
    "memorysetup-temp-allocator-size-job-worker=262144"
    "memorysetup-temp-allocator-size-preload-manager=33554432"
    "memorysetup-temp-allocator-size-nav-mesh-worker=65536"
    "memorysetup-temp-allocator-size-audio-worker=65536"
    "memorysetup-temp-allocator-size-cloud-worker=32768"
    "memorysetup-temp-allocator-size-gi-baking-worker=262144"
    "memorysetup-temp-allocator-size-gfx=262144"
Player connection [34128] Host "[IP] 192.168.56.1 [Port] 0 [Flags] 2 [Guid] 1224177714 [EditorId] 1224177714 [Version] 1048832 [Id] WindowsEditor(7,NAK) [Debug] 1 [PackageName] WindowsEditor [ProjectName] Editor" joined multi-casting on [225.0.0.222:54997]...

Player connection [34128] Host "[IP] 192.168.56.1 [Port] 0 [Flags] 2 [Guid] 1224177714 [EditorId] 1224177714 [Version] 1048832 [Id] WindowsEditor(7,NAK) [Debug] 1 [PackageName] WindowsEditor [ProjectName] Editor" joined alternative multi-casting on [225.0.0.222:34997]...

Refreshing native plugins compatible for Editor in 111.45 ms, found 2 plugins.
Preloading 0 native plugins for Editor in 0.00 ms.
Initialize engine version: 2021.3.25f1 (68ef2c4f8861)
[Subsystems] Discovering subsystems at path C:/Program Files/Unity/Hub/Editor/2021.3.25f1/Editor/Data/Resources/UnitySubsystems
[Subsystems] Discovering subsystems at path D:/ProjectGame/ShootingOnline/ShootingOnline/Assets
GfxDevice: creating device client; threaded=0; jobified=0
Direct3D:
    Version:  Direct3D 11.0 [level 11.1]
    Renderer: NVIDIA GeForce RTX 3060 (ID=0x2504)
    Vendor:   NVIDIA
    VRAM:     12129 MB
    Driver:   31.0.15.3640
Initialize mono
Mono path[0] = 'C:/Program Files/Unity/Hub/Editor/2021.3.25f1/Editor/Data/Managed'
Mono path[1] = 'C:/Program Files/Unity/Hub/Editor/2021.3.25f1/Editor/Data/MonoBleedingEdge/lib/mono/unityjit-win32'
Mono config path = 'C:/Program Files/Unity/Hub/Editor/2021.3.25f1/Editor/Data/MonoBleedingEdge/etc'
Using monoOptions --debugger-agent=transport=dt_socket,embedding=1,server=y,suspend=n,address=127.0.0.1:56120
Begin MonoManager ReloadAssembly
Registering precompiled unity dll's ...
Register platform support module: C:/Program Files/Unity/Hub/Editor/2021.3.25f1/Editor/Data/PlaybackEngines/AndroidPlayer/UnityEditor.Android.Extensions.dll
Register platform support module: C:/Program Files/Unity/Hub/Editor/2021.3.25f1/Editor/Data/PlaybackEngines/WindowsStandaloneSupport/UnityEditor.WindowsStandalone.Extensions.dll
Registered in 0.005603 seconds.
Native extension for WindowsStandalone target not found
Native extension for Android target not found
Android Extension - Scanning For ADB Devices 199 ms
Refreshing native plugins compatible for Editor in 62.96 ms, found 2 plugins.
Preloading 0 native plugins for Editor in 0.00 ms.
Mono: successfully reloaded assembly
- Completed reload, in  0.799 seconds
Domain Reload Profiling:
	ReloadAssembly (800ms)
		BeginReloadAssembly (99ms)
			ExecutionOrderSort (0ms)
			DisableScriptedObjects (0ms)
			BackupInstance (0ms)
			ReleaseScriptingObjects (0ms)
			CreateAndSetChildDomain (1ms)
		EndReloadAssembly (611ms)
			LoadAssemblies (98ms)
			RebuildTransferFunctionScriptingTraits (0ms)
			SetupTypeCache (110ms)
			ReleaseScriptCaches (0ms)
			RebuildScriptCaches (19ms)
			SetupLoadedEditorAssemblies (437ms)
				LogAssemblyErrors (0ms)
				InitializePlatformSupportModulesInManaged (280ms)
				SetLoadedEditorAssemblies (0ms)
				RefreshPlugins (63ms)
				BeforeProcessingInitializeOnLoad (1ms)
				ProcessInitializeOnLoadAttributes (64ms)
				ProcessInitializeOnLoadMethodAttributes (28ms)
				AfterProcessingInitializeOnLoad (0ms)
				EditorAssembliesLoaded (0ms)
			ExecutionOrderSort2 (0ms)
			AwakeInstancesAfterBackupRestoration (0ms)
Platform modules already initialized, skipping
Registering precompiled user dll's ...
Registered in 0.002989 seconds.
Begin MonoManager ReloadAssembly
Symbol file LoadedFromMemory is not a mono symbol file
Native extension for WindowsStandalone target not found
Native extension for Android target not found
Refreshing native plugins compatible for Editor in 67.20 ms, found 2 plugins.
Preloading 0 native plugins for Editor in 0.00 ms.
Mono: successfully reloaded assembly
- Completed reload, in  1.041 seconds
Domain Reload Profiling:
	ReloadAssembly (1042ms)
		BeginReloadAssembly (88ms)
			ExecutionOrderSort (0ms)
			DisableScriptedObjects (4ms)
			BackupInstance (0ms)
			ReleaseScriptingObjects (0ms)
			CreateAndSetChildDomain (15ms)
		EndReloadAssembly (883ms)
			LoadAssemblies (74ms)
			RebuildTransferFunctionScriptingTraits (0ms)
			SetupTypeCache (218ms)
			ReleaseScriptCaches (0ms)
			RebuildScriptCaches (64ms)
			SetupLoadedEditorAssemblies (500ms)
				LogAssemblyErrors (0ms)
				InitializePlatformSupportModulesInManaged (15ms)
				SetLoadedEditorAssemblies (0ms)
				RefreshPlugins (67ms)
				BeforeProcessingInitializeOnLoad (82ms)
				ProcessInitializeOnLoadAttributes (223ms)
				ProcessInitializeOnLoadMethodAttributes (106ms)
				AfterProcessingInitializeOnLoad (6ms)
				EditorAssembliesLoaded (0ms)
			ExecutionOrderSort2 (0ms)
			AwakeInstancesAfterBackupRestoration (4ms)
Platform modules already initialized, skipping
========================================================================
Worker process is ready to serve import requests
Launched and connected shader compiler UnityShaderCompiler.exe after 0.02 seconds
Refreshing native plugins compatible for Editor in 1.18 ms, found 2 plugins.
Preloading 0 native plugins for Editor in 0.00 ms.
Unloading 5796 Unused Serialized files (Serialized files now loaded: 0)
Unloading 92 unused Assets / (3.0 MB). Loaded Objects now: 6257.
Memory consumption went from 267.8 MB to 264.8 MB.
Total: 7.562900 ms (FindLiveObjects: 0.413400 ms CreateObjectMapping: 0.184400 ms MarkObjects: 6.374500 ms  DeleteObjects: 0.588800 ms)

AssetImportParameters requested are different than current active one (requested -> active):
  custom:video-decoder-ogg-theora: a1e56fd34408186e4bbccfd4996cb3dc -> 
  custom:container-muxer-webm: aa71ff27fc2769a1b78a27578f13a17b -> 
  custom:container-demuxer-webm: 4f35f7cbe854078d1ac9338744f61a02 -> 
  custom:video-encoder-webm-vp8: eb34c28f22e8b96e1ab97ce403110664 -> 
  custom:video-codec-MediaFoundation-h265: 746d11721c4dcdbdad8f713fa42b33f4 -> 
  custom:audio-encoder-webm-vorbis: bf7c407c2cedff20999df2af8eb42d56 -> 
  custom:framework-win-MediaFoundation: 216162199b28c13a410421893ffa2e32 -> 
  custom:container-demuxer-ogg: 62fdf1f143b41e24485cea50d1cbac27 -> 
  custom:video-decoder-webm-vp8: 9c59270c3fd7afecdb556c50c9e8de78 -> 
  custom:audio-decoder-ogg-vorbis: bf7c407c2cedff20999df2af8eb42d56 -> 
========================================================================
Received Import Request.
  Time since last request: 29972.576955 seconds.
  path: Assets/Sci-Fi UI/_SciFi_GUISkin_/Bonus_Assets/arrows/back_arrow.png
  artifactKey: Guid(a9ef9e2f50f97a84bbd269b5f7cc5ea4) Importer(815301076,1909f56bfc062723c751e8b465ee728b)
Start importing Assets/Sci-Fi UI/_SciFi_GUISkin_/Bonus_Assets/arrows/back_arrow.png using Guid(a9ef9e2f50f97a84bbd269b5f7cc5ea4) Importer(815301076,1909f56bfc062723c751e8b465ee728b)  -> (artifact id: '8d37b33850dcca7c2d09e56ccd1d0eb9') in 0.101023 seconds 
========================================================================
Received Import Request.
  Time since last request: 0.298838 seconds.
  path: Assets/Sci-Fi UI/_SciFi_GUISkin_/Bonus_Assets/bars/bar_red.png
  artifactKey: Guid(3f92020a7f2ce524b8f0dc4092fbef2c) Importer(815301076,1909f56bfc062723c751e8b465ee728b)
Start importing Assets/Sci-Fi UI/_SciFi_GUISkin_/Bonus_Assets/bars/bar_red.png using Guid(3f92020a7f2ce524b8f0dc4092fbef2c) Importer(815301076,1909f56bfc062723c751e8b465ee728b)  -> (artifact id: 'b2d938d0b486f6affc7807ef605dc99f') in 0.020175 seconds 
========================================================================
Received Import Request.
  Time since last request: 0.345190 seconds.
  path: Assets/SFInventory/Icons/bottle.png
  artifactKey: Guid(7e718b9d3f41afb4ba6a3c6d6f6771a6) Importer(815301076,1909f56bfc062723c751e8b465ee728b)
Start importing Assets/SFInventory/Icons/bottle.png using Guid(7e718b9d3f41afb4ba6a3c6d6f6771a6) Importer(815301076,1909f56bfc062723c751e8b465ee728b)  -> (artifact id: 'd046527f058055c912a1e529aac64895') in 0.043518 seconds 
========================================================================
Received Import Request.
  Time since last request: 2.578264 seconds.
  path: Assets/InventoryAsset/Icons/496_RPG_icons/C_Elm03.png
  artifactKey: Guid(652b7529a50fc9940988dd63feea8952) Importer(815301076,1909f56bfc062723c751e8b465ee728b)
Start importing Assets/InventoryAsset/Icons/496_RPG_icons/C_Elm03.png using Guid(652b7529a50fc9940988dd63feea8952) Importer(815301076,1909f56bfc062723c751e8b465ee728b)  -> (artifact id: '1bb80727b4212d58ca1eb7ef5038c048') in 0.026589 seconds 
========================================================================
Received Import Request.
  Time since last request: 2.347793 seconds.
  path: Assets/Sci-Fi Styled Modular Pack/Textures/dark-color.png
  artifactKey: Guid(d65ae29772ec4ab4b949103da54086be) Importer(815301076,1909f56bfc062723c751e8b465ee728b)
Start importing Assets/Sci-Fi Styled Modular Pack/Textures/dark-color.png using Guid(d65ae29772ec4ab4b949103da54086be) Importer(815301076,1909f56bfc062723c751e8b465ee728b)  -> (artifact id: 'fdd8c1cf44e5744ae8e3a60e7f5c6063') in 0.037366 seconds 
========================================================================
Received Import Request.
  Time since last request: 0.093539 seconds.
  path: Assets/InventoryAsset/Scenes/ExtraScene/InventoryExtraScene/Player/PlayerSprites/Dead__004.png
  artifactKey: Guid(8dfbd16c24a23554d879c6f56fb619aa) Importer(815301076,1909f56bfc062723c751e8b465ee728b)
Start importing Assets/InventoryAsset/Scenes/ExtraScene/InventoryExtraScene/Player/PlayerSprites/Dead__004.png using Guid(8dfbd16c24a23554d879c6f56fb619aa) Importer(815301076,1909f56bfc062723c751e8b465ee728b)  -> (artifact id: 'dfc7a34b964b6d9a1b6b7e01c2aa986a') in 0.050696 seconds 
========================================================================
Received Import Request.
  Time since last request: 0.000014 seconds.
  path: Assets/InventoryAsset/Scenes/ExtraScene/InventoryExtraScene/Player/PlayerSprites/Dead__009.png
  artifactKey: Guid(d6d3f285b2ee5d54092b703337171570) Importer(815301076,1909f56bfc062723c751e8b465ee728b)
Start importing Assets/InventoryAsset/Scenes/ExtraScene/InventoryExtraScene/Player/PlayerSprites/Dead__009.png using Guid(d6d3f285b2ee5d54092b703337171570) Importer(815301076,1909f56bfc062723c751e8b465ee728b)  -> (artifact id: '8487a1f511a3bd89d11de7b302445615') in 0.070658 seconds 
========================================================================
Received Import Request.
  Time since last request: 0.247187 seconds.
  path: Assets/InventoryAsset/Icons/496_RPG_icons/E_Bones03.png
  artifactKey: Guid(a9f45d5ee096e3a4baf03514cd973c39) Importer(815301076,1909f56bfc062723c751e8b465ee728b)
Start importing Assets/InventoryAsset/Icons/496_RPG_icons/E_Bones03.png using Guid(a9f45d5ee096e3a4baf03514cd973c39) Importer(815301076,1909f56bfc062723c751e8b465ee728b)  -> (artifact id: '7ccff8e7093e9dc1ade2e01b826243da') in 0.016158 seconds 
========================================================================
Received Import Request.
  Time since last request: 0.000018 seconds.
  path: Assets/InventoryAsset/Icons/496_RPG_icons/E_Metal02.png
  artifactKey: Guid(c6f98e9efea61fc4b94a292c3313c50d) Importer(815301076,1909f56bfc062723c751e8b465ee728b)
Start importing Assets/InventoryAsset/Icons/496_RPG_icons/E_Metal02.png using Guid(c6f98e9efea61fc4b94a292c3313c50d) Importer(815301076,1909f56bfc062723c751e8b465ee728b)  -> (artifact id: '178e5448ab1560e368a5f1bb254b38a2') in 0.019993 seconds 
========================================================================
Received Import Request.
  Time since last request: 0.034897 seconds.
  path: Assets/InventoryAsset/Icons/496_RPG_icons/E_Metal06.png
  artifactKey: Guid(85161dc81052659488f687f46778b464) Importer(815301076,1909f56bfc062723c751e8b465ee728b)
Start importing Assets/InventoryAsset/Icons/496_RPG_icons/E_Metal06.png using Guid(85161dc81052659488f687f46778b464) Importer(815301076,1909f56bfc062723c751e8b465ee728b)  -> (artifact id: '410f8185a50eff21d82cfc3140c854b8') in 0.019249 seconds 
========================================================================
Received Import Request.
  Time since last request: 0.000018 seconds.
  path: Assets/uiframework_examples-master/Assets/UIFrameworkExamples/Art/eye.png
  artifactKey: Guid(5bef3a0aed901a240aab4d0e45f717ba) Importer(815301076,1909f56bfc062723c751e8b465ee728b)
Start importing Assets/uiframework_examples-master/Assets/UIFrameworkExamples/Art/eye.png using Guid(5bef3a0aed901a240aab4d0e45f717ba) Importer(815301076,1909f56bfc062723c751e8b465ee728b)  -> (artifact id: 'ab10300ae68fa61381f7948fc1f637fa') in 0.030754 seconds 
========================================================================
Received Import Request.
  Time since last request: 0.000020 seconds.
  path: Assets/Free RPG Icons Pack/Icons/Weapon/Free RPG Icons Pack_Axe_3.png
  artifactKey: Guid(4d14b773d329f484780c89a159aae4ab) Importer(815301076,1909f56bfc062723c751e8b465ee728b)
Start importing Assets/Free RPG Icons Pack/Icons/Weapon/Free RPG Icons Pack_Axe_3.png using Guid(4d14b773d329f484780c89a159aae4ab) Importer(815301076,1909f56bfc062723c751e8b465ee728b)  -> (artifact id: '98dbe3ddf41c61515fa9626d44f78bb4') in 0.028691 seconds 
========================================================================
Received Import Request.
  Time since last request: 0.000022 seconds.
  path: Assets/InventoryAsset/Icons/496_RPG_icons/E_Wood01.png
  artifactKey: Guid(8122552812d83d84395bc814bbbf2b1e) Importer(815301076,1909f56bfc062723c751e8b465ee728b)
Start importing Assets/InventoryAsset/Icons/496_RPG_icons/E_Wood01.png using Guid(8122552812d83d84395bc814bbbf2b1e) Importer(815301076,1909f56bfc062723c751e8b465ee728b)  -> (artifact id: '2eeddad7f9731c48da8156c88c98142a') in 0.017269 seconds 
========================================================================
Received Import Request.
  Time since last request: 0.230227 seconds.
  path: Assets/Free RPG Icons Pack/Icons/Magic Spell/Free RPG Icons Pack_Buff_4.png
  artifactKey: Guid(b5cd61390a56e5b4bae61c5aa39cc811) Importer(815301076,1909f56bfc062723c751e8b465ee728b)
Start importing Assets/Free RPG Icons Pack/Icons/Magic Spell/Free RPG Icons Pack_Buff_4.png using Guid(b5cd61390a56e5b4bae61c5aa39cc811) Importer(815301076,1909f56bfc062723c751e8b465ee728b)  -> (artifact id: '5a2eb2276554330882b5d44993deb131') in 0.034178 seconds 
========================================================================
Received Import Request.
  Time since last request: 0.000017 seconds.
  path: Assets/Free RPG Icons Pack/Icons/Magic Spell/Free RPG Icons Pack_Dark_4.png
  artifactKey: Guid(aa0a930fde5ba3546a0a4990da3c7958) Importer(815301076,1909f56bfc062723c751e8b465ee728b)
Start importing Assets/Free RPG Icons Pack/Icons/Magic Spell/Free RPG Icons Pack_Dark_4.png using Guid(aa0a930fde5ba3546a0a4990da3c7958) Importer(815301076,1909f56bfc062723c751e8b465ee728b)  -> (artifact id: 'f55add4f35d12ca79e4c31034cb78930') in 0.038124 seconds 
========================================================================
Received Import Request.
  Time since last request: 0.000019 seconds.
  path: Assets/Free RPG Icons Pack/Icons/Magic Spell/Free RPG Icons Pack_Earth_2.png
  artifactKey: Guid(f3e87f4aa00be774c9017322c9bd656c) Importer(815301076,1909f56bfc062723c751e8b465ee728b)
Start importing Assets/Free RPG Icons Pack/Icons/Magic Spell/Free RPG Icons Pack_Earth_2.png using Guid(f3e87f4aa00be774c9017322c9bd656c) Importer(815301076,1909f56bfc062723c751e8b465ee728b)  -> (artifact id: '8f86926652f0f7e0d5568859f6612794') in 0.036238 seconds 
========================================================================
Received Import Request.
  Time since last request: 0.000015 seconds.
  path: Assets/Free RPG Icons Pack/Icons/Magic Spell/Free RPG Icons Pack_Dark_2.png
  artifactKey: Guid(6f931b78208ef07489b2ae2cc422b02d) Importer(815301076,1909f56bfc062723c751e8b465ee728b)
Start importing Assets/Free RPG Icons Pack/Icons/Magic Spell/Free RPG Icons Pack_Dark_2.png using Guid(6f931b78208ef07489b2ae2cc422b02d) Importer(815301076,1909f56bfc062723c751e8b465ee728b)  -> (artifact id: 'e063ce43668dc59c6a3cc4c76ec35798') in 0.035917 seconds 
========================================================================
Received Import Request.
  Time since last request: 0.295767 seconds.
  path: Assets/Free RPG Icons Pack/Icons/Magic Spell/Free RPG Icons Pack_Fire_3.png
  artifactKey: Guid(ddfe6380e427a034c98cf286b332173c) Importer(815301076,1909f56bfc062723c751e8b465ee728b)
Start importing Assets/Free RPG Icons Pack/Icons/Magic Spell/Free RPG Icons Pack_Fire_3.png using Guid(ddfe6380e427a034c98cf286b332173c) Importer(815301076,1909f56bfc062723c751e8b465ee728b)  -> (artifact id: '3f0bccceda4d58c7edfe007c65a87360') in 0.034388 seconds 
========================================================================
Received Import Request.
  Time since last request: 0.000018 seconds.
  path: Assets/Free RPG Icons Pack/Icons/Magic Spell/Free RPG Icons Pack_Nature_2.png
  artifactKey: Guid(766f414c439da9240b103dc468ae0ee5) Importer(815301076,1909f56bfc062723c751e8b465ee728b)
Start importing Assets/Free RPG Icons Pack/Icons/Magic Spell/Free RPG Icons Pack_Nature_2.png using Guid(766f414c439da9240b103dc468ae0ee5) Importer(815301076,1909f56bfc062723c751e8b465ee728b)  -> (artifact id: '4da0e60c5caba87007257ca33463f023') in 0.038940 seconds 
========================================================================
Received Import Request.
  Time since last request: 0.000019 seconds.
  path: Assets/Free RPG Icons Pack/Icons/Magic Spell/Free RPG Icons Pack_Holy_4.png
  artifactKey: Guid(ea2fcfff1b6007641a93cdb51dffaa31) Importer(815301076,1909f56bfc062723c751e8b465ee728b)
Start importing Assets/Free RPG Icons Pack/Icons/Magic Spell/Free RPG Icons Pack_Holy_4.png using Guid(ea2fcfff1b6007641a93cdb51dffaa31) Importer(815301076,1909f56bfc062723c751e8b465ee728b)  -> (artifact id: '0273681f5fb35f69c1520ad6549164c3') in 0.032355 seconds 
========================================================================
Received Import Request.
  Time since last request: 0.004184 seconds.
  path: Assets/Free RPG Icons Pack/Icons/Weapon/Free RPG Icons Pack_Spear_1.png
  artifactKey: Guid(6cd799ac06df7d040b1bb1dfa8d31758) Importer(815301076,1909f56bfc062723c751e8b465ee728b)
Start importing Assets/Free RPG Icons Pack/Icons/Weapon/Free RPG Icons Pack_Spear_1.png using Guid(6cd799ac06df7d040b1bb1dfa8d31758) Importer(815301076,1909f56bfc062723c751e8b465ee728b)  -> (artifact id: '75f8b6d923628da7c4cb1bf487fa4c49') in 0.027135 seconds 
========================================================================
Received Import Request.
  Time since last request: 0.000017 seconds.
  path: Assets/Free RPG Icons Pack/Icons/Weapon/Free RPG Icons Pack_Sword_3.png
  artifactKey: Guid(d838877e721dcbb4cb3bad95ffd9fa0d) Importer(815301076,1909f56bfc062723c751e8b465ee728b)
Start importing Assets/Free RPG Icons Pack/Icons/Weapon/Free RPG Icons Pack_Sword_3.png using Guid(d838877e721dcbb4cb3bad95ffd9fa0d) Importer(815301076,1909f56bfc062723c751e8b465ee728b)  -> (artifact id: 'f33c4dce8d7d92675811ef7ed1ada754') in 0.027853 seconds 
========================================================================
Received Import Request.
  Time since last request: 0.189704 seconds.
  path: Assets/Free RPG Icons Pack/Icons/Weapon/Free RPG Icons Pack_Wand_3.png
  artifactKey: Guid(efd273d4fe6178c4481d3218d6e247d6) Importer(815301076,1909f56bfc062723c751e8b465ee728b)
Start importing Assets/Free RPG Icons Pack/Icons/Weapon/Free RPG Icons Pack_Wand_3.png using Guid(efd273d4fe6178c4481d3218d6e247d6) Importer(815301076,1909f56bfc062723c751e8b465ee728b)  -> (artifact id: 'b1869cb7d937a4c10f0c1bab4af116c0') in 0.027360 seconds 
========================================================================
Received Import Request.
  Time since last request: 0.000019 seconds.
  path: Assets/Free RPG Icons Pack/Icons/Magic Spell/Free RPG Icons Pack_Wind_3.png
  artifactKey: Guid(6cf658fed04e9ec4eb4dce5566ae2ac1) Importer(815301076,1909f56bfc062723c751e8b465ee728b)
Start importing Assets/Free RPG Icons Pack/Icons/Magic Spell/Free RPG Icons Pack_Wind_3.png using Guid(6cf658fed04e9ec4eb4dce5566ae2ac1) Importer(815301076,1909f56bfc062723c751e8b465ee728b)  -> (artifact id: 'a2ff5d19b0a8694bf8c25f6603151218') in 0.031079 seconds 
========================================================================
Received Import Request.
  Time since last request: 0.000017 seconds.
  path: Assets/Free RPG Icons Pack/Icons/Magic Spell/Free RPG Icons Pack_Wind_1.png
  artifactKey: Guid(07720b55bb7cb3c45a9e509ca5b5e01c) Importer(815301076,1909f56bfc062723c751e8b465ee728b)
Start importing Assets/Free RPG Icons Pack/Icons/Magic Spell/Free RPG Icons Pack_Wind_1.png using Guid(07720b55bb7cb3c45a9e509ca5b5e01c) Importer(815301076,1909f56bfc062723c751e8b465ee728b)  -> (artifact id: 'f1732717940f1d0248775a02f9366c90') in 0.036012 seconds 
========================================================================
Received Import Request.
  Time since last request: 0.000020 seconds.
  path: Assets/InventoryAsset/Icons/496_RPG_icons/I_Amethist.png
  artifactKey: Guid(b0d157ca51650c54cb11e9b34817de7b) Importer(815301076,1909f56bfc062723c751e8b465ee728b)
Start importing Assets/InventoryAsset/Icons/496_RPG_icons/I_Amethist.png using Guid(b0d157ca51650c54cb11e9b34817de7b) Importer(815301076,1909f56bfc062723c751e8b465ee728b)  -> (artifact id: 'f7404c654aee5a0dd1ead93c703af278') in 0.017786 seconds 
========================================================================
Received Import Request.
  Time since last request: 0.000020 seconds.
  path: Assets/InventoryAsset/Icons/496_RPG_icons/I_BirdsBeak.png
  artifactKey: Guid(6b69e2bf99673884694f7016b23a0a8c) Importer(815301076,1909f56bfc062723c751e8b465ee728b)
Start importing Assets/InventoryAsset/Icons/496_RPG_icons/I_BirdsBeak.png using Guid(6b69e2bf99673884694f7016b23a0a8c) Importer(815301076,1909f56bfc062723c751e8b465ee728b)  -> (artifact id: 'a003c5ddd2392957cca1ef9cb4a67841') in 0.016561 seconds 
========================================================================
Received Prepare
Registering precompiled user dll's ...
Registered in 0.002822 seconds.
Begin MonoManager ReloadAssembly
Symbol file LoadedFromMemory is not a mono symbol file
Native extension for WindowsStandalone target not found
Native extension for Android target not found
Refreshing native plugins compatible for Editor in 0.92 ms, found 2 plugins.
Preloading 0 native plugins for Editor in 0.00 ms.
Mono: successfully reloaded assembly
- Completed reload, in  0.925 seconds
Domain Reload Profiling:
	ReloadAssembly (925ms)
		BeginReloadAssembly (109ms)
			ExecutionOrderSort (0ms)
			DisableScriptedObjects (4ms)
			BackupInstance (0ms)
			ReleaseScriptingObjects (0ms)
			CreateAndSetChildDomain (34ms)
		EndReloadAssembly (747ms)
			LoadAssemblies (72ms)
			RebuildTransferFunctionScriptingTraits (0ms)
			SetupTypeCache (216ms)
			ReleaseScriptCaches (1ms)
			RebuildScriptCaches (47ms)
			SetupLoadedEditorAssemblies (378ms)
				LogAssemblyErrors (0ms)
				InitializePlatformSupportModulesInManaged (14ms)
				SetLoadedEditorAssemblies (0ms)
				RefreshPlugins (1ms)
				BeforeProcessingInitializeOnLoad (64ms)
				ProcessInitializeOnLoadAttributes (193ms)
				ProcessInitializeOnLoadMethodAttributes (102ms)
				AfterProcessingInitializeOnLoad (4ms)
				EditorAssembliesLoaded (0ms)
			ExecutionOrderSort2 (0ms)
			AwakeInstancesAfterBackupRestoration (6ms)
Platform modules already initialized, skipping
Refreshing native plugins compatible for Editor in 2.20 ms, found 2 plugins.
Preloading 0 native plugins for Editor in 0.00 ms.
Unloading 5597 Unused Serialized files (Serialized files now loaded: 0)
Unloading 67 unused Assets / (2.8 MB). Loaded Objects now: 6294.
Memory consumption went from 249.9 MB to 247.2 MB.
Total: 4.971300 ms (FindLiveObjects: 0.255100 ms CreateObjectMapping: 0.144100 ms MarkObjects: 4.205600 ms  DeleteObjects: 0.365900 ms)

AssetImportParameters requested are different than current active one (requested -> active):
  custom:video-decoder-ogg-theora: a1e56fd34408186e4bbccfd4996cb3dc -> 
  custom:container-muxer-webm: aa71ff27fc2769a1b78a27578f13a17b -> 
  custom:container-demuxer-webm: 4f35f7cbe854078d1ac9338744f61a02 -> 
  custom:video-encoder-webm-vp8: eb34c28f22e8b96e1ab97ce403110664 -> 
  custom:video-codec-MediaFoundation-h265: 746d11721c4dcdbdad8f713fa42b33f4 -> 
  custom:audio-encoder-webm-vorbis: bf7c407c2cedff20999df2af8eb42d56 -> 
  custom:framework-win-MediaFoundation: 216162199b28c13a410421893ffa2e32 -> 
  custom:container-demuxer-ogg: 62fdf1f143b41e24485cea50d1cbac27 -> 
  custom:video-decoder-webm-vp8: 9c59270c3fd7afecdb556c50c9e8de78 -> 
  custom:audio-decoder-ogg-vorbis: bf7c407c2cedff20999df2af8eb42d56 -> 
========================================================================
Received Prepare
Registering precompiled user dll's ...
Registered in 0.007164 seconds.
Begin MonoManager ReloadAssembly
Symbol file LoadedFromMemory is not a mono symbol file
Native extension for WindowsStandalone target not found
Native extension for Android target not found
Refreshing native plugins compatible for Editor in 0.87 ms, found 2 plugins.
Preloading 0 native plugins for Editor in 0.00 ms.
Error saving file Library/StateCache/LayerSettings/9e/9ecc5c3c162a7aba29bafa64c8b94b7c.json. Error: System.IO.IOException: Sharing violation on path D:\ProjectGame\ShootingOnline\ShootingOnline\Library\StateCache\LayerSettings\9e\9ecc5c3c162a7aba29bafa64c8b94b7c.json
  at System.IO.FileStream..ctor (System.String path, System.IO.FileMode mode, System.IO.FileAccess access, System.IO.FileShare share, System.Int32 bufferSize, System.Boolean anonymous, System.IO.FileOptions options) [0x0019e] in <a40b0ad4a868437393ad434631fb6ff1>:0 
  at System.IO.FileStream..ctor (System.String path, System.IO.FileMode mode, System.IO.FileAccess access, System.IO.FileShare share, System.Int32 bufferSize, System.IO.FileOptions options) [0x00000] in <a40b0ad4a868437393ad434631fb6ff1>:0 
  at (wrapper remoting-invoke-with-check) System.IO.FileStream..ctor(string,System.IO.FileMode,System.IO.FileAccess,System.IO.FileShare,int,System.IO.FileOptions)
  at System.IO.StreamWriter..ctor (System.String path, System.Boolean append, System.Text.Encoding encoding, System.Int32 bufferSize) [0x00055] in <a40b0ad4a868437393ad434631fb6ff1>:0 
  at System.IO.StreamWriter..ctor (System.String path, System.Boolean append, System.Text.Encoding encoding) [0x00000] in <a40b0ad4a868437393ad434631fb6ff1>:0 
  at (wrapper remoting-invoke-with-check) System.IO.StreamWriter..ctor(string,bool,System.Text.Encoding)
  at System.IO.File.WriteAllText (System.String path, System.String contents, System.Text.Encoding encoding) [0x00034] in <a40b0ad4a868437393ad434631fb6ff1>:0 
  at UnityEditor.StateCache`1[T].SetState (UnityEngine.Hash128 key, T obj) [0x0004b] in <5092d70d16a64dd9a555dd50f38aead0>:0 
UnityEngine.StackTraceUtility:ExtractStackTrace ()
UnityEngine.DebugLogHandler:LogFormat (UnityEngine.LogType,UnityEngine.Object,string,object[])
UnityEngine.Logger:Log (UnityEngine.LogType,object)
UnityEngine.Debug:LogError (object)
UnityEditor.StateCache`1<UnityEditor.Tools/LayerSettings>:SetState (UnityEngine.Hash128,UnityEditor.Tools/LayerSettings)
UnityEditor.Tools:set_lockedLayers (int)
UnityEditor.Tools:OnEnable ()

Mono: successfully reloaded assembly
- Completed reload, in  0.950 seconds
Domain Reload Profiling:
	ReloadAssembly (951ms)
		BeginReloadAssembly (116ms)
			ExecutionOrderSort (0ms)
			DisableScriptedObjects (6ms)
			BackupInstance (0ms)
			ReleaseScriptingObjects (0ms)
			CreateAndSetChildDomain (31ms)
		EndReloadAssembly (765ms)
			LoadAssemblies (67ms)
			RebuildTransferFunctionScriptingTraits (0ms)
			SetupTypeCache (212ms)
			ReleaseScriptCaches (1ms)
			RebuildScriptCaches (50ms)
			SetupLoadedEditorAssemblies (397ms)
				LogAssemblyErrors (0ms)
				InitializePlatformSupportModulesInManaged (15ms)
				SetLoadedEditorAssemblies (0ms)
				RefreshPlugins (1ms)
				BeforeProcessingInitializeOnLoad (61ms)
				ProcessInitializeOnLoadAttributes (205ms)
				ProcessInitializeOnLoadMethodAttributes (110ms)
				AfterProcessingInitializeOnLoad (4ms)
				EditorAssembliesLoaded (0ms)
			ExecutionOrderSort2 (0ms)
			AwakeInstancesAfterBackupRestoration (11ms)
Platform modules already initialized, skipping
Refreshing native plugins compatible for Editor in 2.36 ms, found 2 plugins.
Preloading 0 native plugins for Editor in 0.00 ms.
Unloading 5597 Unused Serialized files (Serialized files now loaded: 0)
Unloading 67 unused Assets / (2.7 MB). Loaded Objects now: 6310.
Memory consumption went from 250.1 MB to 247.4 MB.
Total: 5.262900 ms (FindLiveObjects: 0.266100 ms CreateObjectMapping: 0.163000 ms MarkObjects: 4.389400 ms  DeleteObjects: 0.443500 ms)

AssetImportParameters requested are different than current active one (requested -> active):
  custom:video-decoder-ogg-theora: a1e56fd34408186e4bbccfd4996cb3dc -> 
  custom:container-muxer-webm: aa71ff27fc2769a1b78a27578f13a17b -> 
  custom:container-demuxer-webm: 4f35f7cbe854078d1ac9338744f61a02 -> 
  custom:video-encoder-webm-vp8: eb34c28f22e8b96e1ab97ce403110664 -> 
  custom:video-codec-MediaFoundation-h265: 746d11721c4dcdbdad8f713fa42b33f4 -> 
  custom:audio-encoder-webm-vorbis: bf7c407c2cedff20999df2af8eb42d56 -> 
  custom:framework-win-MediaFoundation: 216162199b28c13a410421893ffa2e32 -> 
  custom:container-demuxer-ogg: 62fdf1f143b41e24485cea50d1cbac27 -> 
  custom:video-decoder-webm-vp8: 9c59270c3fd7afecdb556c50c9e8de78 -> 
  custom:audio-decoder-ogg-vorbis: bf7c407c2cedff20999df2af8eb42d56 -> 
========================================================================
Received Prepare
Registering precompiled user dll's ...
Registered in 0.002863 seconds.
Begin MonoManager ReloadAssembly
Symbol file LoadedFromMemory is not a mono symbol file
Native extension for WindowsStandalone target not found
Native extension for Android target not found
Refreshing native plugins compatible for Editor in 0.83 ms, found 2 plugins.
Preloading 0 native plugins for Editor in 0.00 ms.
Mono: successfully reloaded assembly
- Completed reload, in  0.948 seconds
Domain Reload Profiling:
	ReloadAssembly (948ms)
		BeginReloadAssembly (105ms)
			ExecutionOrderSort (0ms)
			DisableScriptedObjects (5ms)
			BackupInstance (0ms)
			ReleaseScriptingObjects (0ms)
			CreateAndSetChildDomain (31ms)
		EndReloadAssembly (785ms)
			LoadAssemblies (66ms)
			RebuildTransferFunctionScriptingTraits (0ms)
			SetupTypeCache (204ms)
			ReleaseScriptCaches (1ms)
			RebuildScriptCaches (46ms)
			SetupLoadedEditorAssemblies (428ms)
				LogAssemblyErrors (0ms)
				InitializePlatformSupportModulesInManaged (15ms)
				SetLoadedEditorAssemblies (0ms)
				RefreshPlugins (1ms)
				BeforeProcessingInitializeOnLoad (63ms)
				ProcessInitializeOnLoadAttributes (223ms)
				ProcessInitializeOnLoadMethodAttributes (121ms)
				AfterProcessingInitializeOnLoad (5ms)
				EditorAssembliesLoaded (0ms)
			ExecutionOrderSort2 (0ms)
			AwakeInstancesAfterBackupRestoration (8ms)
Platform modules already initialized, skipping
Refreshing native plugins compatible for Editor in 2.33 ms, found 2 plugins.
Preloading 0 native plugins for Editor in 0.00 ms.
Unloading 5597 Unused Serialized files (Serialized files now loaded: 0)
Unloading 67 unused Assets / (2.7 MB). Loaded Objects now: 6326.
Memory consumption went from 250.1 MB to 247.4 MB.
Total: 5.575400 ms (FindLiveObjects: 0.291000 ms CreateObjectMapping: 0.229500 ms MarkObjects: 4.635600 ms  DeleteObjects: 0.418400 ms)

AssetImportParameters requested are different than current active one (requested -> active):
  custom:video-decoder-ogg-theora: a1e56fd34408186e4bbccfd4996cb3dc -> 
  custom:container-muxer-webm: aa71ff27fc2769a1b78a27578f13a17b -> 
  custom:container-demuxer-webm: 4f35f7cbe854078d1ac9338744f61a02 -> 
  custom:video-encoder-webm-vp8: eb34c28f22e8b96e1ab97ce403110664 -> 
  custom:video-codec-MediaFoundation-h265: 746d11721c4dcdbdad8f713fa42b33f4 -> 
  custom:audio-encoder-webm-vorbis: bf7c407c2cedff20999df2af8eb42d56 -> 
  custom:framework-win-MediaFoundation: 216162199b28c13a410421893ffa2e32 -> 
  custom:container-demuxer-ogg: 62fdf1f143b41e24485cea50d1cbac27 -> 
  custom:video-decoder-webm-vp8: 9c59270c3fd7afecdb556c50c9e8de78 -> 
  custom:audio-decoder-ogg-vorbis: bf7c407c2cedff20999df2af8eb42d56 -> 
========================================================================
Received Import Request.
  Time since last request: 309.089526 seconds.
  path: Assets/_ShootingGame/Prefabs/UIs/UILoading.prefab
  artifactKey: Guid(abd8c4fbea260504d8c52fd8fe64a30a) Importer(815301076,1909f56bfc062723c751e8b465ee728b)
Start importing Assets/_ShootingGame/Prefabs/UIs/UILoading.prefab using Guid(abd8c4fbea260504d8c52fd8fe64a30a) Importer(815301076,1909f56bfc062723c751e8b465ee728b)  -> (artifact id: 'a38ccb880a5ed45889e96033f1e69742') in 0.073785 seconds 
========================================================================
Received Prepare
Registering precompiled user dll's ...
Registered in 0.002708 seconds.
Begin MonoManager ReloadAssembly
Symbol file LoadedFromMemory is not a mono symbol file
Native extension for WindowsStandalone target not found
Native extension for Android target not found
Refreshing native plugins compatible for Editor in 0.98 ms, found 2 plugins.
Preloading 0 native plugins for Editor in 0.00 ms.
Mono: successfully reloaded assembly
- Completed reload, in  0.929 seconds
Domain Reload Profiling:
	ReloadAssembly (929ms)
		BeginReloadAssembly (110ms)
			ExecutionOrderSort (0ms)
			DisableScriptedObjects (4ms)
			BackupInstance (0ms)
			ReleaseScriptingObjects (0ms)
			CreateAndSetChildDomain (37ms)
		EndReloadAssembly (759ms)
			LoadAssemblies (71ms)
			RebuildTransferFunctionScriptingTraits (0ms)
			SetupTypeCache (204ms)
			ReleaseScriptCaches (2ms)
			RebuildScriptCaches (52ms)
			SetupLoadedEditorAssemblies (394ms)
				LogAssemblyErrors (0ms)
				InitializePlatformSupportModulesInManaged (15ms)
				SetLoadedEditorAssemblies (0ms)
				RefreshPlugins (1ms)
				BeforeProcessingInitializeOnLoad (62ms)
				ProcessInitializeOnLoadAttributes (203ms)
				ProcessInitializeOnLoadMethodAttributes (109ms)
				AfterProcessingInitializeOnLoad (4ms)
				EditorAssembliesLoaded (0ms)
			ExecutionOrderSort2 (0ms)
			AwakeInstancesAfterBackupRestoration (7ms)
Platform modules already initialized, skipping
Refreshing native plugins compatible for Editor in 2.47 ms, found 2 plugins.
Preloading 0 native plugins for Editor in 0.00 ms.
Unloading 5597 Unused Serialized files (Serialized files now loaded: 0)
Unloading 67 unused Assets / (2.7 MB). Loaded Objects now: 6342.
Memory consumption went from 250.4 MB to 247.6 MB.
Total: 5.015400 ms (FindLiveObjects: 0.274700 ms CreateObjectMapping: 0.175300 ms MarkObjects: 4.178600 ms  DeleteObjects: 0.386000 ms)

AssetImportParameters requested are different than current active one (requested -> active):
  custom:video-decoder-ogg-theora: a1e56fd34408186e4bbccfd4996cb3dc -> 
  custom:container-muxer-webm: aa71ff27fc2769a1b78a27578f13a17b -> 
  custom:container-demuxer-webm: 4f35f7cbe854078d1ac9338744f61a02 -> 
  custom:video-encoder-webm-vp8: eb34c28f22e8b96e1ab97ce403110664 -> 
  custom:video-codec-MediaFoundation-h265: 746d11721c4dcdbdad8f713fa42b33f4 -> 
  custom:audio-encoder-webm-vorbis: bf7c407c2cedff20999df2af8eb42d56 -> 
  custom:framework-win-MediaFoundation: 216162199b28c13a410421893ffa2e32 -> 
  custom:container-demuxer-ogg: 62fdf1f143b41e24485cea50d1cbac27 -> 
  custom:video-decoder-webm-vp8: 9c59270c3fd7afecdb556c50c9e8de78 -> 
  custom:audio-decoder-ogg-vorbis: bf7c407c2cedff20999df2af8eb42d56 -> 
========================================================================
Received Prepare
Registering precompiled user dll's ...
Registered in 0.005661 seconds.
Begin MonoManager ReloadAssembly
Symbol file LoadedFromMemory is not a mono symbol file
Native extension for WindowsStandalone target not found
Native extension for Android target not found
Refreshing native plugins compatible for Editor in 1.02 ms, found 2 plugins.
Preloading 0 native plugins for Editor in 0.00 ms.
Mono: successfully reloaded assembly
- Completed reload, in  1.639 seconds
Domain Reload Profiling:
	ReloadAssembly (1640ms)
		BeginReloadAssembly (166ms)
			ExecutionOrderSort (0ms)
			DisableScriptedObjects (7ms)
			BackupInstance (0ms)
			ReleaseScriptingObjects (0ms)
			CreateAndSetChildDomain (45ms)
		EndReloadAssembly (1366ms)
			LoadAssemblies (119ms)
			RebuildTransferFunctionScriptingTraits (0ms)
			SetupTypeCache (357ms)
			ReleaseScriptCaches (2ms)
			RebuildScriptCaches (92ms)
			SetupLoadedEditorAssemblies (721ms)
				LogAssemblyErrors (0ms)
				InitializePlatformSupportModulesInManaged (25ms)
				SetLoadedEditorAssemblies (0ms)
				RefreshPlugins (1ms)
				BeforeProcessingInitializeOnLoad (105ms)
				ProcessInitializeOnLoadAttributes (375ms)
				ProcessInitializeOnLoadMethodAttributes (203ms)
				AfterProcessingInitializeOnLoad (10ms)
				EditorAssembliesLoaded (0ms)
			ExecutionOrderSort2 (0ms)
			AwakeInstancesAfterBackupRestoration (15ms)
Platform modules already initialized, skipping
Refreshing native plugins compatible for Editor in 4.11 ms, found 2 plugins.
Preloading 0 native plugins for Editor in 0.00 ms.
Unloading 5597 Unused Serialized files (Serialized files now loaded: 0)
Unloading 67 unused Assets / (2.8 MB). Loaded Objects now: 6358.
Memory consumption went from 250.4 MB to 247.6 MB.
Total: 8.024500 ms (FindLiveObjects: 0.618600 ms CreateObjectMapping: 0.202100 ms MarkObjects: 6.629500 ms  DeleteObjects: 0.572700 ms)

AssetImportParameters requested are different than current active one (requested -> active):
  custom:video-decoder-ogg-theora: a1e56fd34408186e4bbccfd4996cb3dc -> 
  custom:container-muxer-webm: aa71ff27fc2769a1b78a27578f13a17b -> 
  custom:container-demuxer-webm: 4f35f7cbe854078d1ac9338744f61a02 -> 
  custom:video-encoder-webm-vp8: eb34c28f22e8b96e1ab97ce403110664 -> 
  custom:video-codec-MediaFoundation-h265: 746d11721c4dcdbdad8f713fa42b33f4 -> 
  custom:audio-encoder-webm-vorbis: bf7c407c2cedff20999df2af8eb42d56 -> 
  custom:framework-win-MediaFoundation: 216162199b28c13a410421893ffa2e32 -> 
  custom:container-demuxer-ogg: 62fdf1f143b41e24485cea50d1cbac27 -> 
  custom:video-decoder-webm-vp8: 9c59270c3fd7afecdb556c50c9e8de78 -> 
  custom:audio-decoder-ogg-vorbis: bf7c407c2cedff20999df2af8eb42d56 -> 
========================================================================
Received Import Request.
  Time since last request: 96.822500 seconds.
  path: Assets/_ShootingGame/Animations
  artifactKey: Guid(dcefcea96ceef6a41a720ba4574b3afb) Importer(815301076,1909f56bfc062723c751e8b465ee728b)
Start importing Assets/_ShootingGame/Animations using Guid(dcefcea96ceef6a41a720ba4574b3afb) Importer(815301076,1909f56bfc062723c751e8b465ee728b)  -> (artifact id: '68b7618e760566950525d9d9714dfd54') in 0.011185 seconds 
========================================================================
Received Prepare
Registering precompiled user dll's ...
Registered in 0.004394 seconds.
Begin MonoManager ReloadAssembly
Symbol file LoadedFromMemory is not a mono symbol file
Native extension for WindowsStandalone target not found
Native extension for Android target not found
Refreshing native plugins compatible for Editor in 0.99 ms, found 2 plugins.
Preloading 0 native plugins for Editor in 0.00 ms.
Mono: successfully reloaded assembly
- Completed reload, in  0.915 seconds
Domain Reload Profiling:
	ReloadAssembly (916ms)
		BeginReloadAssembly (100ms)
			ExecutionOrderSort (0ms)
			DisableScriptedObjects (4ms)
			BackupInstance (0ms)
			ReleaseScriptingObjects (0ms)
			CreateAndSetChildDomain (28ms)
		EndReloadAssembly (756ms)
			LoadAssemblies (66ms)
			RebuildTransferFunctionScriptingTraits (0ms)
			SetupTypeCache (207ms)
			ReleaseScriptCaches (2ms)
			RebuildScriptCaches (51ms)
			SetupLoadedEditorAssemblies (391ms)
				LogAssemblyErrors (0ms)
				InitializePlatformSupportModulesInManaged (15ms)
				SetLoadedEditorAssemblies (0ms)
				RefreshPlugins (1ms)
				BeforeProcessingInitializeOnLoad (66ms)
				ProcessInitializeOnLoadAttributes (199ms)
				ProcessInitializeOnLoadMethodAttributes (105ms)
				AfterProcessingInitializeOnLoad (4ms)
				EditorAssembliesLoaded (0ms)
			ExecutionOrderSort2 (0ms)
			AwakeInstancesAfterBackupRestoration (8ms)
Platform modules already initialized, skipping
Refreshing native plugins compatible for Editor in 2.31 ms, found 2 plugins.
Preloading 0 native plugins for Editor in 0.00 ms.
Unloading 5597 Unused Serialized files (Serialized files now loaded: 0)
Unloading 67 unused Assets / (2.8 MB). Loaded Objects now: 6374.
Memory consumption went from 250.4 MB to 247.6 MB.
Total: 5.227200 ms (FindLiveObjects: 0.268200 ms CreateObjectMapping: 0.163600 ms MarkObjects: 4.379400 ms  DeleteObjects: 0.415200 ms)

AssetImportParameters requested are different than current active one (requested -> active):
  custom:video-decoder-ogg-theora: a1e56fd34408186e4bbccfd4996cb3dc -> 
  custom:container-muxer-webm: aa71ff27fc2769a1b78a27578f13a17b -> 
  custom:container-demuxer-webm: 4f35f7cbe854078d1ac9338744f61a02 -> 
  custom:video-encoder-webm-vp8: eb34c28f22e8b96e1ab97ce403110664 -> 
  custom:video-codec-MediaFoundation-h265: 746d11721c4dcdbdad8f713fa42b33f4 -> 
  custom:audio-encoder-webm-vorbis: bf7c407c2cedff20999df2af8eb42d56 -> 
  custom:framework-win-MediaFoundation: 216162199b28c13a410421893ffa2e32 -> 
  custom:container-demuxer-ogg: 62fdf1f143b41e24485cea50d1cbac27 -> 
  custom:video-decoder-webm-vp8: 9c59270c3fd7afecdb556c50c9e8de78 -> 
  custom:audio-decoder-ogg-vorbis: bf7c407c2cedff20999df2af8eb42d56 -> 
========================================================================
Received Prepare
Registering precompiled user dll's ...
Registered in 0.005219 seconds.
Begin MonoManager ReloadAssembly
Symbol file LoadedFromMemory is not a mono symbol file
Native extension for WindowsStandalone target not found
Native extension for Android target not found
Refreshing native plugins compatible for Editor in 0.82 ms, found 2 plugins.
Preloading 0 native plugins for Editor in 0.00 ms.
Mono: successfully reloaded assembly
- Completed reload, in  0.905 seconds
Domain Reload Profiling:
	ReloadAssembly (906ms)
		BeginReloadAssembly (109ms)
			ExecutionOrderSort (0ms)
			DisableScriptedObjects (5ms)
			BackupInstance (0ms)
			ReleaseScriptingObjects (0ms)
			CreateAndSetChildDomain (33ms)
		EndReloadAssembly (737ms)
			LoadAssemblies (66ms)
			RebuildTransferFunctionScriptingTraits (0ms)
			SetupTypeCache (191ms)
			ReleaseScriptCaches (2ms)
			RebuildScriptCaches (45ms)
			SetupLoadedEditorAssemblies (403ms)
				LogAssemblyErrors (0ms)
				InitializePlatformSupportModulesInManaged (17ms)
				SetLoadedEditorAssemblies (0ms)
				RefreshPlugins (1ms)
				BeforeProcessingInitializeOnLoad (71ms)
				ProcessInitializeOnLoadAttributes (202ms)
				ProcessInitializeOnLoadMethodAttributes (108ms)
				AfterProcessingInitializeOnLoad (4ms)
				EditorAssembliesLoaded (0ms)
			ExecutionOrderSort2 (0ms)
			AwakeInstancesAfterBackupRestoration (8ms)
Platform modules already initialized, skipping
Refreshing native plugins compatible for Editor in 2.25 ms, found 2 plugins.
Preloading 0 native plugins for Editor in 0.00 ms.
Unloading 5597 Unused Serialized files (Serialized files now loaded: 0)
Unloading 67 unused Assets / (2.7 MB). Loaded Objects now: 6390.
Memory consumption went from 250.4 MB to 247.7 MB.
Total: 4.994400 ms (FindLiveObjects: 0.268100 ms CreateObjectMapping: 0.147300 ms MarkObjects: 4.183500 ms  DeleteObjects: 0.394300 ms)

AssetImportParameters requested are different than current active one (requested -> active):
  custom:video-decoder-ogg-theora: a1e56fd34408186e4bbccfd4996cb3dc -> 
  custom:container-muxer-webm: aa71ff27fc2769a1b78a27578f13a17b -> 
  custom:container-demuxer-webm: 4f35f7cbe854078d1ac9338744f61a02 -> 
  custom:video-encoder-webm-vp8: eb34c28f22e8b96e1ab97ce403110664 -> 
  custom:video-codec-MediaFoundation-h265: 746d11721c4dcdbdad8f713fa42b33f4 -> 
  custom:audio-encoder-webm-vorbis: bf7c407c2cedff20999df2af8eb42d56 -> 
  custom:framework-win-MediaFoundation: 216162199b28c13a410421893ffa2e32 -> 
  custom:container-demuxer-ogg: 62fdf1f143b41e24485cea50d1cbac27 -> 
  custom:video-decoder-webm-vp8: 9c59270c3fd7afecdb556c50c9e8de78 -> 
  custom:audio-decoder-ogg-vorbis: bf7c407c2cedff20999df2af8eb42d56 -> 
========================================================================
Received Prepare
Registering precompiled user dll's ...
Registered in 0.008957 seconds.
Begin MonoManager ReloadAssembly
Symbol file LoadedFromMemory is not a mono symbol file
Native extension for WindowsStandalone target not found
Native extension for Android target not found
Refreshing native plugins compatible for Editor in 1.59 ms, found 2 plugins.
Preloading 0 native plugins for Editor in 0.00 ms.
Mono: successfully reloaded assembly
- Completed reload, in  1.684 seconds
Domain Reload Profiling:
	ReloadAssembly (1685ms)
		BeginReloadAssembly (167ms)
			ExecutionOrderSort (0ms)
			DisableScriptedObjects (7ms)
			BackupInstance (0ms)
			ReleaseScriptingObjects (0ms)
			CreateAndSetChildDomain (48ms)
		EndReloadAssembly (1392ms)
			LoadAssemblies (119ms)
			RebuildTransferFunctionScriptingTraits (0ms)
			SetupTypeCache (429ms)
			ReleaseScriptCaches (2ms)
			RebuildScriptCaches (99ms)
			SetupLoadedEditorAssemblies (678ms)
				LogAssemblyErrors (0ms)
				InitializePlatformSupportModulesInManaged (25ms)
				SetLoadedEditorAssemblies (1ms)
				RefreshPlugins (2ms)
				BeforeProcessingInitializeOnLoad (114ms)
				ProcessInitializeOnLoadAttributes (333ms)
				ProcessInitializeOnLoadMethodAttributes (193ms)
				AfterProcessingInitializeOnLoad (10ms)
				EditorAssembliesLoaded (0ms)
			ExecutionOrderSort2 (0ms)
			AwakeInstancesAfterBackupRestoration (14ms)
Platform modules already initialized, skipping
Refreshing native plugins compatible for Editor in 4.34 ms, found 2 plugins.
Preloading 0 native plugins for Editor in 0.00 ms.
Unloading 5597 Unused Serialized files (Serialized files now loaded: 0)
Unloading 67 unused Assets / (2.7 MB). Loaded Objects now: 6406.
Memory consumption went from 250.4 MB to 247.7 MB.
Total: 7.956600 ms (FindLiveObjects: 0.686000 ms CreateObjectMapping: 0.228800 ms MarkObjects: 6.367300 ms  DeleteObjects: 0.672800 ms)

AssetImportParameters requested are different than current active one (requested -> active):
  custom:video-decoder-ogg-theora: a1e56fd34408186e4bbccfd4996cb3dc -> 
  custom:container-muxer-webm: aa71ff27fc2769a1b78a27578f13a17b -> 
  custom:container-demuxer-webm: 4f35f7cbe854078d1ac9338744f61a02 -> 
  custom:video-encoder-webm-vp8: eb34c28f22e8b96e1ab97ce403110664 -> 
  custom:video-codec-MediaFoundation-h265: 746d11721c4dcdbdad8f713fa42b33f4 -> 
  custom:audio-encoder-webm-vorbis: bf7c407c2cedff20999df2af8eb42d56 -> 
  custom:framework-win-MediaFoundation: 216162199b28c13a410421893ffa2e32 -> 
  custom:container-demuxer-ogg: 62fdf1f143b41e24485cea50d1cbac27 -> 
  custom:video-decoder-webm-vp8: 9c59270c3fd7afecdb556c50c9e8de78 -> 
  custom:audio-decoder-ogg-vorbis: bf7c407c2cedff20999df2af8eb42d56 -> 
========================================================================
Received Prepare
Registering precompiled user dll's ...
Registered in 0.005306 seconds.
Begin MonoManager ReloadAssembly
Symbol file LoadedFromMemory is not a mono symbol file
Native extension for WindowsStandalone target not found
Native extension for Android target not found
Refreshing native plugins compatible for Editor in 1.56 ms, found 2 plugins.
Preloading 0 native plugins for Editor in 0.00 ms.
Mono: successfully reloaded assembly
- Completed reload, in  1.640 seconds
Domain Reload Profiling:
	ReloadAssembly (1641ms)
		BeginReloadAssembly (179ms)
			ExecutionOrderSort (0ms)
			DisableScriptedObjects (8ms)
			BackupInstance (0ms)
			ReleaseScriptingObjects (0ms)
			CreateAndSetChildDomain (53ms)
		EndReloadAssembly (1354ms)
			LoadAssemblies (131ms)
			RebuildTransferFunctionScriptingTraits (0ms)
			SetupTypeCache (364ms)
			ReleaseScriptCaches (2ms)
			RebuildScriptCaches (92ms)
			SetupLoadedEditorAssemblies (707ms)
				LogAssemblyErrors (0ms)
				InitializePlatformSupportModulesInManaged (25ms)
				SetLoadedEditorAssemblies (0ms)
				RefreshPlugins (2ms)
				BeforeProcessingInitializeOnLoad (114ms)
				ProcessInitializeOnLoadAttributes (335ms)
				ProcessInitializeOnLoadMethodAttributes (212ms)
				AfterProcessingInitializeOnLoad (18ms)
				EditorAssembliesLoaded (0ms)
			ExecutionOrderSort2 (0ms)
			AwakeInstancesAfterBackupRestoration (17ms)
Platform modules already initialized, skipping
Refreshing native plugins compatible for Editor in 4.78 ms, found 2 plugins.
Preloading 0 native plugins for Editor in 0.00 ms.
Unloading 5597 Unused Serialized files (Serialized files now loaded: 0)
Unloading 67 unused Assets / (2.7 MB). Loaded Objects now: 6422.
Memory consumption went from 250.4 MB to 247.7 MB.
Total: 32.974900 ms (FindLiveObjects: 0.723600 ms CreateObjectMapping: 0.202700 ms MarkObjects: 31.643600 ms  DeleteObjects: 0.404000 ms)

AssetImportParameters requested are different than current active one (requested -> active):
  custom:video-decoder-ogg-theora: a1e56fd34408186e4bbccfd4996cb3dc -> 
  custom:container-muxer-webm: aa71ff27fc2769a1b78a27578f13a17b -> 
  custom:container-demuxer-webm: 4f35f7cbe854078d1ac9338744f61a02 -> 
  custom:video-encoder-webm-vp8: eb34c28f22e8b96e1ab97ce403110664 -> 
  custom:video-codec-MediaFoundation-h265: 746d11721c4dcdbdad8f713fa42b33f4 -> 
  custom:audio-encoder-webm-vorbis: bf7c407c2cedff20999df2af8eb42d56 -> 
  custom:framework-win-MediaFoundation: 216162199b28c13a410421893ffa2e32 -> 
  custom:container-demuxer-ogg: 62fdf1f143b41e24485cea50d1cbac27 -> 
  custom:video-decoder-webm-vp8: 9c59270c3fd7afecdb556c50c9e8de78 -> 
  custom:audio-decoder-ogg-vorbis: bf7c407c2cedff20999df2af8eb42d56 -> 
