Using pre-set license
Built from '2021.3/staging' branch; Version is '2021.3.25f1 (68ef2c4f8861) revision 6876972'; Using compiler version '192829333'; Build Type 'Release'
OS: 'Windows 11  (10.0.22631) 64bit Professional' Language: 'en' Physical Memory: 32509 MB
BatchMode: 1, IsHumanControllingUs: 0, StartBugReporterOnCrash: 0, Is64bit: 1, IsPro: 1

COMMAND LINE ARGUMENTS:
C:\Program Files\Unity\Hub\Editor\2021.3.25f1\Editor\Unity.exe
-adb2
-batchMode
-noUpm
-name
AssetImportWorker0
-projectPath
D:/ProjectGame/ShootingOnline/ShootingOnline
-logFile
Logs/AssetImportWorker0.log
-srvPort
64113
Successfully changed project path to: D:/ProjectGame/ShootingOnline/ShootingOnline
D:/ProjectGame/ShootingOnline/ShootingOnline
[UnityMemory] Configuration Parameters - Can be set up in boot.config
    "memorysetup-bucket-allocator-granularity=16"
    "memorysetup-bucket-allocator-bucket-count=8"
    "memorysetup-bucket-allocator-block-size=33554432"
    "memorysetup-bucket-allocator-block-count=8"
    "memorysetup-main-allocator-block-size=16777216"
    "memorysetup-thread-allocator-block-size=16777216"
    "memorysetup-gfx-main-allocator-block-size=16777216"
    "memorysetup-gfx-thread-allocator-block-size=16777216"
    "memorysetup-cache-allocator-block-size=4194304"
    "memorysetup-typetree-allocator-block-size=2097152"
    "memorysetup-profiler-bucket-allocator-granularity=16"
    "memorysetup-profiler-bucket-allocator-bucket-count=8"
    "memorysetup-profiler-bucket-allocator-block-size=33554432"
    "memorysetup-profiler-bucket-allocator-block-count=8"
    "memorysetup-profiler-allocator-block-size=16777216"
    "memorysetup-profiler-editor-allocator-block-size=1048576"
    "memorysetup-temp-allocator-size-main=16777216"
    "memorysetup-job-temp-allocator-block-size=2097152"
    "memorysetup-job-temp-allocator-block-size-background=1048576"
    "memorysetup-job-temp-allocator-reduction-small-platforms=262144"
    "memorysetup-temp-allocator-size-background-worker=32768"
    "memorysetup-temp-allocator-size-job-worker=262144"
    "memorysetup-temp-allocator-size-preload-manager=33554432"
    "memorysetup-temp-allocator-size-nav-mesh-worker=65536"
    "memorysetup-temp-allocator-size-audio-worker=65536"
    "memorysetup-temp-allocator-size-cloud-worker=32768"
    "memorysetup-temp-allocator-size-gi-baking-worker=262144"
    "memorysetup-temp-allocator-size-gfx=262144"
Player connection [8820] Host "[IP] 192.168.56.1 [Port] 0 [Flags] 2 [Guid] 3156891379 [EditorId] 3156891379 [Version] 1048832 [Id] WindowsEditor(7,NAK) [Debug] 1 [PackageName] WindowsEditor [ProjectName] Editor" joined multi-casting on [225.0.0.222:54997]...

Player connection [8820] Host "[IP] 192.168.56.1 [Port] 0 [Flags] 2 [Guid] 3156891379 [EditorId] 3156891379 [Version] 1048832 [Id] WindowsEditor(7,NAK) [Debug] 1 [PackageName] WindowsEditor [ProjectName] Editor" joined alternative multi-casting on [225.0.0.222:34997]...

Refreshing native plugins compatible for Editor in 62.54 ms, found 2 plugins.
Preloading 0 native plugins for Editor in 0.00 ms.
Initialize engine version: 2021.3.25f1 (68ef2c4f8861)
[Subsystems] Discovering subsystems at path C:/Program Files/Unity/Hub/Editor/2021.3.25f1/Editor/Data/Resources/UnitySubsystems
[Subsystems] Discovering subsystems at path D:/ProjectGame/ShootingOnline/ShootingOnline/Assets
GfxDevice: creating device client; threaded=0; jobified=0
Direct3D:
    Version:  Direct3D 11.0 [level 11.1]
    Renderer: NVIDIA GeForce RTX 3060 (ID=0x2504)
    Vendor:   NVIDIA
    VRAM:     12129 MB
    Driver:   31.0.15.3640
Initialize mono
Mono path[0] = 'C:/Program Files/Unity/Hub/Editor/2021.3.25f1/Editor/Data/Managed'
Mono path[1] = 'C:/Program Files/Unity/Hub/Editor/2021.3.25f1/Editor/Data/MonoBleedingEdge/lib/mono/unityjit-win32'
Mono config path = 'C:/Program Files/Unity/Hub/Editor/2021.3.25f1/Editor/Data/MonoBleedingEdge/etc'
Using monoOptions --debugger-agent=transport=dt_socket,embedding=1,server=y,suspend=n,address=127.0.0.1:56712
Begin MonoManager ReloadAssembly
Registering precompiled unity dll's ...
Register platform support module: C:/Program Files/Unity/Hub/Editor/2021.3.25f1/Editor/Data/PlaybackEngines/AndroidPlayer/UnityEditor.Android.Extensions.dll
Register platform support module: C:/Program Files/Unity/Hub/Editor/2021.3.25f1/Editor/Data/PlaybackEngines/WindowsStandaloneSupport/UnityEditor.WindowsStandalone.Extensions.dll
Registered in 0.004536 seconds.
Native extension for WindowsStandalone target not found
Native extension for Android target not found
Android Extension - Scanning For ADB Devices 309 ms
Refreshing native plugins compatible for Editor in 57.06 ms, found 2 plugins.
Preloading 0 native plugins for Editor in 0.00 ms.
Mono: successfully reloaded assembly
- Completed reload, in  1.464 seconds
Domain Reload Profiling:
	ReloadAssembly (1465ms)
		BeginReloadAssembly (162ms)
			ExecutionOrderSort (0ms)
			DisableScriptedObjects (0ms)
			BackupInstance (0ms)
			ReleaseScriptingObjects (0ms)
			CreateAndSetChildDomain (1ms)
		EndReloadAssembly (1038ms)
			LoadAssemblies (161ms)
			RebuildTransferFunctionScriptingTraits (0ms)
			SetupTypeCache (465ms)
			ReleaseScriptCaches (0ms)
			RebuildScriptCaches (18ms)
			SetupLoadedEditorAssemblies (520ms)
				LogAssemblyErrors (0ms)
				InitializePlatformSupportModulesInManaged (368ms)
				SetLoadedEditorAssemblies (0ms)
				RefreshPlugins (57ms)
				BeforeProcessingInitializeOnLoad (1ms)
				ProcessInitializeOnLoadAttributes (61ms)
				ProcessInitializeOnLoadMethodAttributes (32ms)
				AfterProcessingInitializeOnLoad (0ms)
				EditorAssembliesLoaded (0ms)
			ExecutionOrderSort2 (0ms)
			AwakeInstancesAfterBackupRestoration (0ms)
Platform modules already initialized, skipping
Registering precompiled user dll's ...
Registered in 0.004079 seconds.
Begin MonoManager ReloadAssembly
Symbol file LoadedFromMemory is not a mono symbol file
Native extension for WindowsStandalone target not found
Native extension for Android target not found
Refreshing native plugins compatible for Editor in 61.30 ms, found 2 plugins.
Preloading 0 native plugins for Editor in 0.00 ms.
Error saving file Library/StateCache/LayerSettings/9e/9ecc5c3c162a7aba29bafa64c8b94b7c.json. Error: System.IO.IOException: Sharing violation on path D:\ProjectGame\ShootingOnline\ShootingOnline\Library\StateCache\LayerSettings\9e\9ecc5c3c162a7aba29bafa64c8b94b7c.json
  at System.IO.FileStream..ctor (System.String path, System.IO.FileMode mode, System.IO.FileAccess access, System.IO.FileShare share, System.Int32 bufferSize, System.Boolean anonymous, System.IO.FileOptions options) [0x0019e] in <a40b0ad4a868437393ad434631fb6ff1>:0 
  at System.IO.FileStream..ctor (System.String path, System.IO.FileMode mode, System.IO.FileAccess access, System.IO.FileShare share, System.Int32 bufferSize, System.IO.FileOptions options) [0x00000] in <a40b0ad4a868437393ad434631fb6ff1>:0 
  at (wrapper remoting-invoke-with-check) System.IO.FileStream..ctor(string,System.IO.FileMode,System.IO.FileAccess,System.IO.FileShare,int,System.IO.FileOptions)
  at System.IO.StreamWriter..ctor (System.String path, System.Boolean append, System.Text.Encoding encoding, System.Int32 bufferSize) [0x00055] in <a40b0ad4a868437393ad434631fb6ff1>:0 
  at System.IO.StreamWriter..ctor (System.String path, System.Boolean append, System.Text.Encoding encoding) [0x00000] in <a40b0ad4a868437393ad434631fb6ff1>:0 
  at (wrapper remoting-invoke-with-check) System.IO.StreamWriter..ctor(string,bool,System.Text.Encoding)
  at System.IO.File.WriteAllText (System.String path, System.String contents, System.Text.Encoding encoding) [0x00034] in <a40b0ad4a868437393ad434631fb6ff1>:0 
  at UnityEditor.StateCache`1[T].SetState (UnityEngine.Hash128 key, T obj) [0x0004b] in <5092d70d16a64dd9a555dd50f38aead0>:0 
UnityEngine.StackTraceUtility:ExtractStackTrace ()
UnityEngine.DebugLogHandler:LogFormat (UnityEngine.LogType,UnityEngine.Object,string,object[])
UnityEngine.Logger:Log (UnityEngine.LogType,object)
UnityEngine.Debug:LogError (object)
UnityEditor.StateCache`1<UnityEditor.Tools/LayerSettings>:SetState (UnityEngine.Hash128,UnityEditor.Tools/LayerSettings)
UnityEditor.Tools:set_lockedLayers (int)
UnityEditor.Tools:OnEnable ()
UnityEngine.ScriptableObject:CreateInstance (System.Type)
UnityEngine.ScriptableObject:CreateInstance<UnityEditor.Tools> ()
UnityEditor.Tools:get_get ()
UnityEditor.Tools:get_visibleLayers ()
UnityEditor.Animations.Rigging.BoneRendererUtils:.cctor () (at Library/PackageCache/com.unity.animation.rigging@1.1.1/Editor/Utils/BoneRendererUtils.cs:121)
System.Runtime.CompilerServices.RuntimeHelpers:RunClassConstructor (System.RuntimeTypeHandle)
UnityEditor.EditorAssemblies:ProcessInitializeOnLoadAttributes (System.Type[])

(Filename: Library/PackageCache/com.unity.animation.rigging@1.1.1/Editor/Utils/BoneRendererUtils.cs Line: 121)

Mono: successfully reloaded assembly
- Completed reload, in  1.224 seconds
Domain Reload Profiling:
	ReloadAssembly (1224ms)
		BeginReloadAssembly (81ms)
			ExecutionOrderSort (0ms)
			DisableScriptedObjects (4ms)
			BackupInstance (0ms)
			ReleaseScriptingObjects (0ms)
			CreateAndSetChildDomain (14ms)
		EndReloadAssembly (1071ms)
			LoadAssemblies (73ms)
			RebuildTransferFunctionScriptingTraits (0ms)
			SetupTypeCache (371ms)
			ReleaseScriptCaches (0ms)
			RebuildScriptCaches (68ms)
			SetupLoadedEditorAssemblies (529ms)
				LogAssemblyErrors (0ms)
				InitializePlatformSupportModulesInManaged (16ms)
				SetLoadedEditorAssemblies (0ms)
				RefreshPlugins (61ms)
				BeforeProcessingInitializeOnLoad (87ms)
				ProcessInitializeOnLoadAttributes (245ms)
				ProcessInitializeOnLoadMethodAttributes (115ms)
				AfterProcessingInitializeOnLoad (5ms)
				EditorAssembliesLoaded (0ms)
			ExecutionOrderSort2 (0ms)
			AwakeInstancesAfterBackupRestoration (4ms)
Platform modules already initialized, skipping
========================================================================
Worker process is ready to serve import requests
Launched and connected shader compiler UnityShaderCompiler.exe after 0.03 seconds
Refreshing native plugins compatible for Editor in 0.72 ms, found 2 plugins.
Preloading 0 native plugins for Editor in 0.00 ms.
Unloading 5739 Unused Serialized files (Serialized files now loaded: 0)
Unloading 89 unused Assets / (2.6 MB). Loaded Objects now: 6185.
Memory consumption went from 327.9 MB to 325.3 MB.
Total: 5.195000 ms (FindLiveObjects: 0.274100 ms CreateObjectMapping: 0.169400 ms MarkObjects: 4.443800 ms  DeleteObjects: 0.306600 ms)

AssetImportParameters requested are different than current active one (requested -> active):
  custom:video-decoder-ogg-theora: a1e56fd34408186e4bbccfd4996cb3dc -> 
  custom:container-muxer-webm: aa71ff27fc2769a1b78a27578f13a17b -> 
  custom:container-demuxer-webm: 4f35f7cbe854078d1ac9338744f61a02 -> 
  custom:video-encoder-webm-vp8: eb34c28f22e8b96e1ab97ce403110664 -> 
  custom:video-codec-MediaFoundation-h265: 746d11721c4dcdbdad8f713fa42b33f4 -> 
  custom:audio-encoder-webm-vorbis: bf7c407c2cedff20999df2af8eb42d56 -> 
  custom:framework-win-MediaFoundation: 216162199b28c13a410421893ffa2e32 -> 
  custom:container-demuxer-ogg: 62fdf1f143b41e24485cea50d1cbac27 -> 
  custom:video-decoder-webm-vp8: 9c59270c3fd7afecdb556c50c9e8de78 -> 
  custom:audio-decoder-ogg-vorbis: bf7c407c2cedff20999df2af8eb42d56 -> 
========================================================================
Received Import Request.
  Time since last request: 586206.392525 seconds.
  path: Assets/Sci-Fi UI
  artifactKey: Guid(b9750ff5ab4f54d47b5e6d4029e1f1b8) Importer(815301076,1909f56bfc062723c751e8b465ee728b)
Start importing Assets/Sci-Fi UI using Guid(b9750ff5ab4f54d47b5e6d4029e1f1b8) Importer(815301076,1909f56bfc062723c751e8b465ee728b)  -> (artifact id: '255c72d4dca0c8430704300d502ea67b') in 0.013067 seconds 
========================================================================
Received Import Request.
  Time since last request: 23.977322 seconds.
  path: Assets/Sci-Fi UI/Demo_Assets
  artifactKey: Guid(ff7d801fa96308741bce240131b16a0d) Importer(815301076,1909f56bfc062723c751e8b465ee728b)
Start importing Assets/Sci-Fi UI/Demo_Assets using Guid(ff7d801fa96308741bce240131b16a0d) Importer(815301076,1909f56bfc062723c751e8b465ee728b)  -> (artifact id: 'fded252222d051d7f475816a629af9e1') in 0.006328 seconds 
========================================================================
Received Import Request.
  Time since last request: 1.484765 seconds.
  path: Assets/Sci-Fi UI/Demo_Assets/background
  artifactKey: Guid(73e1f08129ab18d4e98067b118681893) Importer(815301076,1909f56bfc062723c751e8b465ee728b)
Start importing Assets/Sci-Fi UI/Demo_Assets/background using Guid(73e1f08129ab18d4e98067b118681893) Importer(815301076,1909f56bfc062723c751e8b465ee728b)  -> (artifact id: '219277ded9fc829f77636ce0c87205dc') in 0.006170 seconds 
========================================================================
Received Import Request.
  Time since last request: 1.405039 seconds.
  path: Assets/Sci-Fi UI/Demo_Assets/background/Materials
  artifactKey: Guid(6344072ec2ee999459b1bb69c8d74dff) Importer(815301076,1909f56bfc062723c751e8b465ee728b)
Start importing Assets/Sci-Fi UI/Demo_Assets/background/Materials using Guid(6344072ec2ee999459b1bb69c8d74dff) Importer(815301076,1909f56bfc062723c751e8b465ee728b)  -> (artifact id: '0bab61d083646b20713fe135be4bb6ae') in 0.006617 seconds 
========================================================================
Received Import Request.
  Time since last request: 4.107403 seconds.
  path: Assets/Sci-Fi UI/_SciFi_GUISkin_
  artifactKey: Guid(06c42dacf407f3641bbd9e9a3fa911eb) Importer(815301076,1909f56bfc062723c751e8b465ee728b)
Start importing Assets/Sci-Fi UI/_SciFi_GUISkin_ using Guid(06c42dacf407f3641bbd9e9a3fa911eb) Importer(815301076,1909f56bfc062723c751e8b465ee728b)  -> (artifact id: 'dd959432356c3c641ddd667afc59f774') in 0.006075 seconds 
========================================================================
Received Import Request.
  Time since last request: 3.508888 seconds.
  path: Assets/Sci-Fi UI/_SciFi_GUISkin_/atlas.png
  artifactKey: Guid(56d84991286850f428b4e7df0cca7380) Importer(815301076,1909f56bfc062723c751e8b465ee728b)
Start importing Assets/Sci-Fi UI/_SciFi_GUISkin_/atlas.png using Guid(56d84991286850f428b4e7df0cca7380) Importer(815301076,1909f56bfc062723c751e8b465ee728b)  -> (artifact id: 'ceca597d1a3622c7c24b2c60391c0612') in 0.219286 seconds 
========================================================================
Received Import Request.
  Time since last request: 778.146219 seconds.
  path: Assets/Sci-Fi UI/_SciFi_GUISkin_/SciFi_Skin.guiskin
  artifactKey: Guid(9705c0e7595e14d42bcd9e476468d8d7) Importer(815301076,1909f56bfc062723c751e8b465ee728b)
Start importing Assets/Sci-Fi UI/_SciFi_GUISkin_/SciFi_Skin.guiskin using Guid(9705c0e7595e14d42bcd9e476468d8d7) Importer(815301076,1909f56bfc062723c751e8b465ee728b)  -> (artifact id: '2c21fad484371817102e26b48085ecf9') in 0.018841 seconds 
========================================================================
Received Import Request.
  Time since last request: 6.470041 seconds.
  path: Assets/Sci-Fi UI/_SciFi_GUISkin_/Bonus_Assets
  artifactKey: Guid(d26bf89c00db93d43b42399d90ba77e8) Importer(815301076,1909f56bfc062723c751e8b465ee728b)
Start importing Assets/Sci-Fi UI/_SciFi_GUISkin_/Bonus_Assets using Guid(d26bf89c00db93d43b42399d90ba77e8) Importer(815301076,1909f56bfc062723c751e8b465ee728b)  -> (artifact id: '55bbcef4a3a7a28c0bde598a7a787093') in 0.005998 seconds 
========================================================================
Received Import Request.
  Time since last request: 1.922610 seconds.
  path: Assets/Sci-Fi UI/_SciFi_GUISkin_/Bonus_Assets/bars
  artifactKey: Guid(5ef7e8cb2b1939e4fbaa2f4fb83fae34) Importer(815301076,1909f56bfc062723c751e8b465ee728b)
Start importing Assets/Sci-Fi UI/_SciFi_GUISkin_/Bonus_Assets/bars using Guid(5ef7e8cb2b1939e4fbaa2f4fb83fae34) Importer(815301076,1909f56bfc062723c751e8b465ee728b)  -> (artifact id: '02605541df4eeac2055d3bfa31424823') in 0.006310 seconds 
========================================================================
Received Import Request.
  Time since last request: 0.079327 seconds.
  path: Assets/Sci-Fi UI/_SciFi_GUISkin_/Bonus_Assets/bars/background_bar.png
  artifactKey: Guid(5ac1b94d4d2f7eb4e966846bb93a15cc) Importer(815301076,1909f56bfc062723c751e8b465ee728b)
Start importing Assets/Sci-Fi UI/_SciFi_GUISkin_/Bonus_Assets/bars/background_bar.png using Guid(5ac1b94d4d2f7eb4e966846bb93a15cc) Importer(815301076,1909f56bfc062723c751e8b465ee728b)  -> (artifact id: '85ebe94bf1359e3269892306f2bc2517') in 0.013893 seconds 
========================================================================
Received Import Request.
  Time since last request: 0.000030 seconds.
  path: Assets/Sci-Fi UI/_SciFi_GUISkin_/Bonus_Assets/bars/progress_bar.png
  artifactKey: Guid(be40ff228ca528248b495d5025a1e327) Importer(815301076,1909f56bfc062723c751e8b465ee728b)
Start importing Assets/Sci-Fi UI/_SciFi_GUISkin_/Bonus_Assets/bars/progress_bar.png using Guid(be40ff228ca528248b495d5025a1e327) Importer(815301076,1909f56bfc062723c751e8b465ee728b)  -> (artifact id: '764ec408d1bbfc0686403b31a1f149e7') in 0.016304 seconds 
========================================================================
Received Import Request.
  Time since last request: 0.000021 seconds.
  path: Assets/Sci-Fi UI/_SciFi_GUISkin_/Bonus_Assets/bars/bar_red.png
  artifactKey: Guid(3f92020a7f2ce524b8f0dc4092fbef2c) Importer(815301076,1909f56bfc062723c751e8b465ee728b)
Start importing Assets/Sci-Fi UI/_SciFi_GUISkin_/Bonus_Assets/bars/bar_red.png using Guid(3f92020a7f2ce524b8f0dc4092fbef2c) Importer(815301076,1909f56bfc062723c751e8b465ee728b)  -> (artifact id: '1144f57c24dd4ef0043e597f8c15f173') in 0.014544 seconds 
========================================================================
Received Import Request.
  Time since last request: 0.000023 seconds.
  path: Assets/Sci-Fi UI/_SciFi_GUISkin_/Bonus_Assets/bars/progress_bar1.png
  artifactKey: Guid(4f0d8a728e226ac40a44b1738ca64db1) Importer(815301076,1909f56bfc062723c751e8b465ee728b)
Start importing Assets/Sci-Fi UI/_SciFi_GUISkin_/Bonus_Assets/bars/progress_bar1.png using Guid(4f0d8a728e226ac40a44b1738ca64db1) Importer(815301076,1909f56bfc062723c751e8b465ee728b)  -> (artifact id: '3b5267dd4eb00514ff0e42fde4f8e4fc') in 0.012178 seconds 
========================================================================
Received Import Request.
  Time since last request: 0.000024 seconds.
  path: Assets/Sci-Fi UI/_SciFi_GUISkin_/Bonus_Assets/bars/bar_purple1.png
  artifactKey: Guid(17e47abe8c135d64fb588e3425605def) Importer(815301076,1909f56bfc062723c751e8b465ee728b)
Start importing Assets/Sci-Fi UI/_SciFi_GUISkin_/Bonus_Assets/bars/bar_purple1.png using Guid(17e47abe8c135d64fb588e3425605def) Importer(815301076,1909f56bfc062723c751e8b465ee728b)  -> (artifact id: 'e377456814f8b49364dfb775a0e06830') in 0.013840 seconds 
========================================================================
Received Import Request.
  Time since last request: 19.259387 seconds.
  path: Assets/Sci-Fi UI/_SciFi_GUISkin_/Bonus_Assets/arrows/arrow1_right.png
  artifactKey: Guid(b1e9e5e05f0067f469e748e46985c269) Importer(815301076,1909f56bfc062723c751e8b465ee728b)
Start importing Assets/Sci-Fi UI/_SciFi_GUISkin_/Bonus_Assets/arrows/arrow1_right.png using Guid(b1e9e5e05f0067f469e748e46985c269) Importer(815301076,1909f56bfc062723c751e8b465ee728b)  -> (artifact id: '00ac50083515a90679f7eccae1a83a17') in 0.014113 seconds 
========================================================================
Received Import Request.
  Time since last request: 0.000019 seconds.
  path: Assets/Sci-Fi UI/_SciFi_GUISkin_/Bonus_Assets/arrows/long_arrow_right.png
  artifactKey: Guid(e9b8cd94ede145942a15f9e164af30a9) Importer(815301076,1909f56bfc062723c751e8b465ee728b)
Start importing Assets/Sci-Fi UI/_SciFi_GUISkin_/Bonus_Assets/arrows/long_arrow_right.png using Guid(e9b8cd94ede145942a15f9e164af30a9) Importer(815301076,1909f56bfc062723c751e8b465ee728b)  -> (artifact id: '03e5ccdc9491d0f63271fd09be03fb1d') in 0.012839 seconds 
========================================================================
Received Import Request.
  Time since last request: 0.000018 seconds.
  path: Assets/Sci-Fi UI/_SciFi_GUISkin_/Bonus_Assets/arrows/plus.png
  artifactKey: Guid(36909c7c187739945aecb80f7c59fa4c) Importer(815301076,1909f56bfc062723c751e8b465ee728b)
Start importing Assets/Sci-Fi UI/_SciFi_GUISkin_/Bonus_Assets/arrows/plus.png using Guid(36909c7c187739945aecb80f7c59fa4c) Importer(815301076,1909f56bfc062723c751e8b465ee728b)  -> (artifact id: '0c8d13577bf783bc4c3b8a5599ec35ee') in 0.020050 seconds 
========================================================================
Received Import Request.
  Time since last request: 10.507325 seconds.
  path: Assets/Sci-Fi UI/_SciFi_GUISkin_/Bonus_Assets/arrows/arrow1_right.png
  artifactKey: Guid(b1e9e5e05f0067f469e748e46985c269) Importer(815301076,1909f56bfc062723c751e8b465ee728b)
Start importing Assets/Sci-Fi UI/_SciFi_GUISkin_/Bonus_Assets/arrows/arrow1_right.png using Guid(b1e9e5e05f0067f469e748e46985c269) Importer(815301076,1909f56bfc062723c751e8b465ee728b)  -> (artifact id: 'ba1263c672fc52710452930804c2276d') in 0.028178 seconds 
========================================================================
Received Import Request.
  Time since last request: 0.000021 seconds.
  path: Assets/Sci-Fi UI/_SciFi_GUISkin_/Bonus_Assets/arrows/back_arrow.png
  artifactKey: Guid(a9ef9e2f50f97a84bbd269b5f7cc5ea4) Importer(815301076,1909f56bfc062723c751e8b465ee728b)
Start importing Assets/Sci-Fi UI/_SciFi_GUISkin_/Bonus_Assets/arrows/back_arrow.png using Guid(a9ef9e2f50f97a84bbd269b5f7cc5ea4) Importer(815301076,1909f56bfc062723c751e8b465ee728b)  -> (artifact id: '8d37b33850dcca7c2d09e56ccd1d0eb9') in 0.052438 seconds 
========================================================================
Received Import Request.
  Time since last request: 7.860989 seconds.
  path: Assets/Sci-Fi UI/_SciFi_GUISkin_/Bonus_Assets/bars/background_bar1.png
  artifactKey: Guid(fd496259f55fb1f4f89429cd523c1af9) Importer(815301076,1909f56bfc062723c751e8b465ee728b)
Start importing Assets/Sci-Fi UI/_SciFi_GUISkin_/Bonus_Assets/bars/background_bar1.png using Guid(fd496259f55fb1f4f89429cd523c1af9) Importer(815301076,1909f56bfc062723c751e8b465ee728b)  -> (artifact id: '5eabd57fb4d538f868d15b5317f470e6') in 0.020868 seconds 
========================================================================
Received Import Request.
  Time since last request: 0.000025 seconds.
  path: Assets/Sci-Fi UI/_SciFi_GUISkin_/Bonus_Assets/bars/bar_red.png
  artifactKey: Guid(3f92020a7f2ce524b8f0dc4092fbef2c) Importer(815301076,1909f56bfc062723c751e8b465ee728b)
Start importing Assets/Sci-Fi UI/_SciFi_GUISkin_/Bonus_Assets/bars/bar_red.png using Guid(3f92020a7f2ce524b8f0dc4092fbef2c) Importer(815301076,1909f56bfc062723c751e8b465ee728b)  -> (artifact id: 'b2d938d0b486f6affc7807ef605dc99f') in 0.022847 seconds 
Editor requested this worker to shutdown with reason: Scaling down because of idle timeout
AssetImportWorkerClient::OnTransportError - code=2 error=End of file
AssetImportWorker is now disconnected from the server
Process exiting
Exiting without the bug reporter. Application will terminate with return code 0