Using pre-set license
Built from '2021.3/staging' branch; Version is '2021.3.25f1 (68ef2c4f8861) revision 6876972'; Using compiler version '192829333'; Build Type 'Release'
OS: 'Windows 11  (10.0.22631) 64bit Professional' Language: 'en' Physical Memory: 32509 MB
BatchMode: 1, IsHumanControllingUs: 0, StartBugReporterOnCrash: 0, Is64bit: 1, IsPro: 1

COMMAND LINE ARGUMENTS:
C:\Program Files\Unity\Hub\Editor\2021.3.25f1\Editor\Unity.exe
-adb2
-batchMode
-noUpm
-name
AssetImportWorker6
-projectPath
D:/ProjectGame/ShootingOnline/ShootingOnline
-logFile
Logs/AssetImportWorker6.log
-srvPort
64113
Successfully changed project path to: D:/ProjectGame/ShootingOnline/ShootingOnline
D:/ProjectGame/ShootingOnline/ShootingOnline
[UnityMemory] Configuration Parameters - Can be set up in boot.config
    "memorysetup-bucket-allocator-granularity=16"
    "memorysetup-bucket-allocator-bucket-count=8"
    "memorysetup-bucket-allocator-block-size=33554432"
    "memorysetup-bucket-allocator-block-count=8"
    "memorysetup-main-allocator-block-size=16777216"
    "memorysetup-thread-allocator-block-size=16777216"
    "memorysetup-gfx-main-allocator-block-size=16777216"
    "memorysetup-gfx-thread-allocator-block-size=16777216"
    "memorysetup-cache-allocator-block-size=4194304"
    "memorysetup-typetree-allocator-block-size=2097152"
    "memorysetup-profiler-bucket-allocator-granularity=16"
    "memorysetup-profiler-bucket-allocator-bucket-count=8"
    "memorysetup-profiler-bucket-allocator-block-size=33554432"
    "memorysetup-profiler-bucket-allocator-block-count=8"
    "memorysetup-profiler-allocator-block-size=16777216"
    "memorysetup-profiler-editor-allocator-block-size=1048576"
    "memorysetup-temp-allocator-size-main=16777216"
    "memorysetup-job-temp-allocator-block-size=2097152"
    "memorysetup-job-temp-allocator-block-size-background=1048576"
    "memorysetup-job-temp-allocator-reduction-small-platforms=262144"
    "memorysetup-temp-allocator-size-background-worker=32768"
    "memorysetup-temp-allocator-size-job-worker=262144"
    "memorysetup-temp-allocator-size-preload-manager=33554432"
    "memorysetup-temp-allocator-size-nav-mesh-worker=65536"
    "memorysetup-temp-allocator-size-audio-worker=65536"
    "memorysetup-temp-allocator-size-cloud-worker=32768"
    "memorysetup-temp-allocator-size-gi-baking-worker=262144"
    "memorysetup-temp-allocator-size-gfx=262144"
Player connection [44936] Host "[IP] 192.168.56.1 [Port] 0 [Flags] 2 [Guid] 362139329 [EditorId] 362139329 [Version] 1048832 [Id] WindowsEditor(7,NAK) [Debug] 1 [PackageName] WindowsEditor [ProjectName] Editor" joined multi-casting on [225.0.0.222:54997]...

Player connection [44936] Host "[IP] 192.168.56.1 [Port] 0 [Flags] 2 [Guid] 362139329 [EditorId] 362139329 [Version] 1048832 [Id] WindowsEditor(7,NAK) [Debug] 1 [PackageName] WindowsEditor [ProjectName] Editor" joined alternative multi-casting on [225.0.0.222:34997]...

Refreshing native plugins compatible for Editor in 64.88 ms, found 2 plugins.
Preloading 0 native plugins for Editor in 0.00 ms.
Initialize engine version: 2021.3.25f1 (68ef2c4f8861)
[Subsystems] Discovering subsystems at path C:/Program Files/Unity/Hub/Editor/2021.3.25f1/Editor/Data/Resources/UnitySubsystems
[Subsystems] Discovering subsystems at path D:/ProjectGame/ShootingOnline/ShootingOnline/Assets
GfxDevice: creating device client; threaded=0; jobified=0
Direct3D:
    Version:  Direct3D 11.0 [level 11.1]
    Renderer: NVIDIA GeForce RTX 3060 (ID=0x2504)
    Vendor:   NVIDIA
    VRAM:     12129 MB
    Driver:   31.0.15.3640
Initialize mono
Mono path[0] = 'C:/Program Files/Unity/Hub/Editor/2021.3.25f1/Editor/Data/Managed'
Mono path[1] = 'C:/Program Files/Unity/Hub/Editor/2021.3.25f1/Editor/Data/MonoBleedingEdge/lib/mono/unityjit-win32'
Mono config path = 'C:/Program Files/Unity/Hub/Editor/2021.3.25f1/Editor/Data/MonoBleedingEdge/etc'
Using monoOptions --debugger-agent=transport=dt_socket,embedding=1,server=y,suspend=n,address=127.0.0.1:56724
Begin MonoManager ReloadAssembly
Registering precompiled unity dll's ...
Register platform support module: C:/Program Files/Unity/Hub/Editor/2021.3.25f1/Editor/Data/PlaybackEngines/AndroidPlayer/UnityEditor.Android.Extensions.dll
Register platform support module: C:/Program Files/Unity/Hub/Editor/2021.3.25f1/Editor/Data/PlaybackEngines/WindowsStandaloneSupport/UnityEditor.WindowsStandalone.Extensions.dll
Registered in 0.004114 seconds.
Native extension for WindowsStandalone target not found
Native extension for Android target not found
Android Extension - Scanning For ADB Devices 238 ms
Refreshing native plugins compatible for Editor in 57.22 ms, found 2 plugins.
Preloading 0 native plugins for Editor in 0.00 ms.
Mono: successfully reloaded assembly
- Completed reload, in  0.701 seconds
Domain Reload Profiling:
	ReloadAssembly (701ms)
		BeginReloadAssembly (59ms)
			ExecutionOrderSort (0ms)
			DisableScriptedObjects (0ms)
			BackupInstance (0ms)
			ReleaseScriptingObjects (0ms)
			CreateAndSetChildDomain (0ms)
		EndReloadAssembly (577ms)
			LoadAssemblies (58ms)
			RebuildTransferFunctionScriptingTraits (0ms)
			SetupTypeCache (68ms)
			ReleaseScriptCaches (0ms)
			RebuildScriptCaches (18ms)
			SetupLoadedEditorAssemblies (456ms)
				LogAssemblyErrors (0ms)
				InitializePlatformSupportModulesInManaged (304ms)
				SetLoadedEditorAssemblies (0ms)
				RefreshPlugins (57ms)
				BeforeProcessingInitializeOnLoad (1ms)
				ProcessInitializeOnLoadAttributes (63ms)
				ProcessInitializeOnLoadMethodAttributes (30ms)
				AfterProcessingInitializeOnLoad (0ms)
				EditorAssembliesLoaded (0ms)
			ExecutionOrderSort2 (0ms)
			AwakeInstancesAfterBackupRestoration (0ms)
Platform modules already initialized, skipping
Registering precompiled user dll's ...
Registered in 0.003251 seconds.
Begin MonoManager ReloadAssembly
Symbol file LoadedFromMemory is not a mono symbol file
Native extension for WindowsStandalone target not found
Native extension for Android target not found
Refreshing native plugins compatible for Editor in 58.59 ms, found 2 plugins.
Preloading 0 native plugins for Editor in 0.00 ms.
Error saving file Library/StateCache/LayerSettings/9e/9ecc5c3c162a7aba29bafa64c8b94b7c.json. Error: System.IO.IOException: Sharing violation on path D:\ProjectGame\ShootingOnline\ShootingOnline\Library\StateCache\LayerSettings\9e\9ecc5c3c162a7aba29bafa64c8b94b7c.json
  at System.IO.FileStream..ctor (System.String path, System.IO.FileMode mode, System.IO.FileAccess access, System.IO.FileShare share, System.Int32 bufferSize, System.Boolean anonymous, System.IO.FileOptions options) [0x0019e] in <a40b0ad4a868437393ad434631fb6ff1>:0 
  at System.IO.FileStream..ctor (System.String path, System.IO.FileMode mode, System.IO.FileAccess access, System.IO.FileShare share, System.Int32 bufferSize, System.IO.FileOptions options) [0x00000] in <a40b0ad4a868437393ad434631fb6ff1>:0 
  at (wrapper remoting-invoke-with-check) System.IO.FileStream..ctor(string,System.IO.FileMode,System.IO.FileAccess,System.IO.FileShare,int,System.IO.FileOptions)
  at System.IO.StreamWriter..ctor (System.String path, System.Boolean append, System.Text.Encoding encoding, System.Int32 bufferSize) [0x00055] in <a40b0ad4a868437393ad434631fb6ff1>:0 
  at System.IO.StreamWriter..ctor (System.String path, System.Boolean append, System.Text.Encoding encoding) [0x00000] in <a40b0ad4a868437393ad434631fb6ff1>:0 
  at (wrapper remoting-invoke-with-check) System.IO.StreamWriter..ctor(string,bool,System.Text.Encoding)
  at System.IO.File.WriteAllText (System.String path, System.String contents, System.Text.Encoding encoding) [0x00034] in <a40b0ad4a868437393ad434631fb6ff1>:0 
  at UnityEditor.StateCache`1[T].SetState (UnityEngine.Hash128 key, T obj) [0x0004b] in <5092d70d16a64dd9a555dd50f38aead0>:0 
UnityEngine.StackTraceUtility:ExtractStackTrace ()
UnityEngine.DebugLogHandler:LogFormat (UnityEngine.LogType,UnityEngine.Object,string,object[])
UnityEngine.Logger:Log (UnityEngine.LogType,object)
UnityEngine.Debug:LogError (object)
UnityEditor.StateCache`1<UnityEditor.Tools/LayerSettings>:SetState (UnityEngine.Hash128,UnityEditor.Tools/LayerSettings)
UnityEditor.Tools:set_lockedLayers (int)
UnityEditor.Tools:OnEnable ()
UnityEngine.ScriptableObject:CreateInstance (System.Type)
UnityEngine.ScriptableObject:CreateInstance<UnityEditor.Tools> ()
UnityEditor.Tools:get_get ()
UnityEditor.Tools:get_visibleLayers ()
UnityEditor.Animations.Rigging.BoneRendererUtils:.cctor () (at Library/PackageCache/com.unity.animation.rigging@1.1.1/Editor/Utils/BoneRendererUtils.cs:121)
System.Runtime.CompilerServices.RuntimeHelpers:RunClassConstructor (System.RuntimeTypeHandle)
UnityEditor.EditorAssemblies:ProcessInitializeOnLoadAttributes (System.Type[])

(Filename: Library/PackageCache/com.unity.animation.rigging@1.1.1/Editor/Utils/BoneRendererUtils.cs Line: 121)

Mono: successfully reloaded assembly
- Completed reload, in  1.072 seconds
Domain Reload Profiling:
	ReloadAssembly (1072ms)
		BeginReloadAssembly (86ms)
			ExecutionOrderSort (0ms)
			DisableScriptedObjects (4ms)
			BackupInstance (0ms)
			ReleaseScriptingObjects (0ms)
			CreateAndSetChildDomain (13ms)
		EndReloadAssembly (918ms)
			LoadAssemblies (79ms)
			RebuildTransferFunctionScriptingTraits (0ms)
			SetupTypeCache (222ms)
			ReleaseScriptCaches (0ms)
			RebuildScriptCaches (62ms)
			SetupLoadedEditorAssemblies (531ms)
				LogAssemblyErrors (0ms)
				InitializePlatformSupportModulesInManaged (19ms)
				SetLoadedEditorAssemblies (0ms)
				RefreshPlugins (59ms)
				BeforeProcessingInitializeOnLoad (94ms)
				ProcessInitializeOnLoadAttributes (236ms)
				ProcessInitializeOnLoadMethodAttributes (117ms)
				AfterProcessingInitializeOnLoad (5ms)
				EditorAssembliesLoaded (0ms)
			ExecutionOrderSort2 (0ms)
			AwakeInstancesAfterBackupRestoration (4ms)
Platform modules already initialized, skipping
========================================================================
Worker process is ready to serve import requests
Launched and connected shader compiler UnityShaderCompiler.exe after 0.04 seconds
Refreshing native plugins compatible for Editor in 1.02 ms, found 2 plugins.
Preloading 0 native plugins for Editor in 0.00 ms.
Unloading 5740 Unused Serialized files (Serialized files now loaded: 0)
Unloading 89 unused Assets / (2.6 MB). Loaded Objects now: 6186.
Memory consumption went from 327.9 MB to 325.3 MB.
Total: 7.736100 ms (FindLiveObjects: 0.317600 ms CreateObjectMapping: 0.281900 ms MarkObjects: 6.635600 ms  DeleteObjects: 0.498100 ms)

AssetImportParameters requested are different than current active one (requested -> active):
  custom:video-decoder-ogg-theora: a1e56fd34408186e4bbccfd4996cb3dc -> 
  custom:container-muxer-webm: aa71ff27fc2769a1b78a27578f13a17b -> 
  custom:container-demuxer-webm: 4f35f7cbe854078d1ac9338744f61a02 -> 
  custom:video-encoder-webm-vp8: eb34c28f22e8b96e1ab97ce403110664 -> 
  custom:video-codec-MediaFoundation-h265: 746d11721c4dcdbdad8f713fa42b33f4 -> 
  custom:audio-encoder-webm-vorbis: bf7c407c2cedff20999df2af8eb42d56 -> 
  custom:framework-win-MediaFoundation: 216162199b28c13a410421893ffa2e32 -> 
  custom:container-demuxer-ogg: 62fdf1f143b41e24485cea50d1cbac27 -> 
  custom:video-decoder-webm-vp8: 9c59270c3fd7afecdb556c50c9e8de78 -> 
  custom:audio-decoder-ogg-vorbis: bf7c407c2cedff20999df2af8eb42d56 -> 
========================================================================
Received Import Request.
  Time since last request: 588048.116742 seconds.
  path: Assets/Free RPG Icons Pack/Icons/Magic Spell/Free RPG Icons Pack_Buff_4.png
  artifactKey: Guid(b5cd61390a56e5b4bae61c5aa39cc811) Importer(815301076,1909f56bfc062723c751e8b465ee728b)
Start importing Assets/Free RPG Icons Pack/Icons/Magic Spell/Free RPG Icons Pack_Buff_4.png using Guid(b5cd61390a56e5b4bae61c5aa39cc811) Importer(815301076,1909f56bfc062723c751e8b465ee728b)  -> (artifact id: '5a2eb2276554330882b5d44993deb131') in 0.112390 seconds 
========================================================================
Received Import Request.
  Time since last request: 0.000057 seconds.
  path: Assets/Free RPG Icons Pack/Icons/Magic Spell/Free RPG Icons Pack_Dark_4.png
  artifactKey: Guid(aa0a930fde5ba3546a0a4990da3c7958) Importer(815301076,1909f56bfc062723c751e8b465ee728b)
Start importing Assets/Free RPG Icons Pack/Icons/Magic Spell/Free RPG Icons Pack_Dark_4.png using Guid(aa0a930fde5ba3546a0a4990da3c7958) Importer(815301076,1909f56bfc062723c751e8b465ee728b)  -> (artifact id: 'f55add4f35d12ca79e4c31034cb78930') in 0.032694 seconds 
========================================================================
Received Import Request.
  Time since last request: 0.000034 seconds.
  path: Assets/Free RPG Icons Pack/Icons/Magic Spell/Free RPG Icons Pack_Holy_1.png
  artifactKey: Guid(9113d706c9b00364994c4bc4c779cc90) Importer(815301076,1909f56bfc062723c751e8b465ee728b)
Start importing Assets/Free RPG Icons Pack/Icons/Magic Spell/Free RPG Icons Pack_Holy_1.png using Guid(9113d706c9b00364994c4bc4c779cc90) Importer(815301076,1909f56bfc062723c751e8b465ee728b)  -> (artifact id: '86e7ccbeb4ebab5e231b3487aa57e4d1') in 0.034575 seconds 
========================================================================
Received Import Request.
  Time since last request: 0.000015 seconds.
  path: Assets/Free RPG Icons Pack/Icons/Magic Spell/Free RPG Icons Pack_Dark_5.png
  artifactKey: Guid(da2428cc0a18c1a4f97c365ed0f129ac) Importer(815301076,1909f56bfc062723c751e8b465ee728b)
Start importing Assets/Free RPG Icons Pack/Icons/Magic Spell/Free RPG Icons Pack_Dark_5.png using Guid(da2428cc0a18c1a4f97c365ed0f129ac) Importer(815301076,1909f56bfc062723c751e8b465ee728b)  -> (artifact id: 'b8cb23a8a4c2d143a3e1db197a553114') in 0.030038 seconds 
========================================================================
Received Import Request.
  Time since last request: 0.000021 seconds.
  path: Assets/Free RPG Icons Pack/Icons/Magic Spell/Free RPG Icons Pack_Cold_5.png
  artifactKey: Guid(bd5565336885f3446975c585f1b70ddd) Importer(815301076,1909f56bfc062723c751e8b465ee728b)
Start importing Assets/Free RPG Icons Pack/Icons/Magic Spell/Free RPG Icons Pack_Cold_5.png using Guid(bd5565336885f3446975c585f1b70ddd) Importer(815301076,1909f56bfc062723c751e8b465ee728b)  -> (artifact id: '964a607b443bdd07b6d028aaf5e2ca7a') in 0.040534 seconds 
========================================================================
Received Import Request.
  Time since last request: 0.000019 seconds.
  path: Assets/Free RPG Icons Pack/Icons/Magic Spell/Free RPG Icons Pack_Debuff_4.png
  artifactKey: Guid(e2215a243d5978e4d8b915e107b4979f) Importer(815301076,1909f56bfc062723c751e8b465ee728b)
Start importing Assets/Free RPG Icons Pack/Icons/Magic Spell/Free RPG Icons Pack_Debuff_4.png using Guid(e2215a243d5978e4d8b915e107b4979f) Importer(815301076,1909f56bfc062723c751e8b465ee728b)  -> (artifact id: '04e6b58eac9b1e59a3d2be0ca0cac7b0') in 0.025239 seconds 
========================================================================
Received Import Request.
  Time since last request: 0.000023 seconds.
  path: Assets/Free RPG Icons Pack/Icons/Magic Spell/Free RPG Icons Pack_Debuff_5.png
  artifactKey: Guid(d975054387d42354a9363011bfb62bce) Importer(815301076,1909f56bfc062723c751e8b465ee728b)
Start importing Assets/Free RPG Icons Pack/Icons/Magic Spell/Free RPG Icons Pack_Debuff_5.png using Guid(d975054387d42354a9363011bfb62bce) Importer(815301076,1909f56bfc062723c751e8b465ee728b)  -> (artifact id: '67915204e4dcb8d904d19ab279b2e39e') in 0.025813 seconds 
========================================================================
Received Import Request.
  Time since last request: 0.000022 seconds.
  path: Assets/Free RPG Icons Pack/Icons/Magic Spell/Free RPG Icons Pack_Wind_4.png
  artifactKey: Guid(1a862a305a44ca64e939c2b35b24e829) Importer(815301076,1909f56bfc062723c751e8b465ee728b)
Start importing Assets/Free RPG Icons Pack/Icons/Magic Spell/Free RPG Icons Pack_Wind_4.png using Guid(1a862a305a44ca64e939c2b35b24e829) Importer(815301076,1909f56bfc062723c751e8b465ee728b)  -> (artifact id: 'bd6fcd466740e3f7a576e2c36ed07fa1') in 0.026857 seconds 
========================================================================
Received Import Request.
  Time since last request: 0.000030 seconds.
  path: Assets/Free RPG Icons Pack/Icons/Magic Spell/Free RPG Icons Pack_Earth_5.png
  artifactKey: Guid(a1e3951e1a03c124dbd4e9204787278f) Importer(815301076,1909f56bfc062723c751e8b465ee728b)
Start importing Assets/Free RPG Icons Pack/Icons/Magic Spell/Free RPG Icons Pack_Earth_5.png using Guid(a1e3951e1a03c124dbd4e9204787278f) Importer(815301076,1909f56bfc062723c751e8b465ee728b)  -> (artifact id: '66f257c0578cba20523948d35d6d36b0') in 0.030249 seconds 
Editor requested this worker to shutdown with reason: Scaling down because of idle timeout
AssetImportWorker is now disconnected from the server
Process exiting
Exiting without the bug reporter. Application will terminate with return code 0